ERROR - 2024-09-26 09:12:51 --> Error connecting to the database: mysqli_sql_exception: No such file or directory in /di/codeigniter/lc222516/GestionProduits/system/Database/MySQLi/Connection.php:186
Stack trace:
#0 /di/codeigniter/lc222516/GestionProduits/system/Database/MySQLi/Connection.php(186): mysqli->real_connect()
#1 /di/codeigniter/lc222516/GestionProduits/system/Database/BaseConnection.php(421): CodeIgniter\Database\MySQLi\Connection->connect()
#2 /di/codeigniter/lc222516/GestionProduits/system/Database/Database.php(68): CodeIgniter\Database\BaseConnection->initialize()
#3 /di/codeigniter/lc222516/GestionProduits/system/Database/Config.php(111): CodeIgniter\Database\Database->loadForge()
#4 /di/codeigniter/lc222516/GestionProduits/app/Models/ProduitsModel.php(19): CodeIgniter\Database\Config::forge()
#5 /di/codeigniter/lc222516/GestionProduits/app/Controllers/ProduitsControleur.php(10): App\Models\ProduitsModel->__construct()
#6 /di/codeigniter/lc222516/GestionProduits/system/CodeIgniter.php(933): App\Controllers\ProduitsControleur->index()
#7 /di/codeigniter/lc222516/GestionProduits/system/CodeIgniter.php(509): CodeIgniter\CodeIgniter->runController()
#8 /di/codeigniter/lc222516/GestionProduits/system/CodeIgniter.php(355): CodeIgniter\CodeIgniter->handleRequest()
#9 /di/codeigniter/lc222516/GestionProduits/system/Boot.php(325): CodeIgniter\CodeIgniter->run()
#10 /di/codeigniter/lc222516/GestionProduits/system/Boot.php(67): CodeIgniter\Boot::runCodeIgniter()
#11 /di/codeigniter/lc222516/GestionProduits/public/index.php(56): CodeIgniter\Boot::bootWeb()
#12 /di/codeigniter/lc222516/GestionProduits/system/rewrite.php(44): require_once('...')
#13 {main}

Next CodeIgniter\Database\Exceptions\DatabaseException: No such file or directory in /di/codeigniter/lc222516/GestionProduits/system/Database/MySQLi/Connection.php:231
Stack trace:
#0 /di/codeigniter/lc222516/GestionProduits/system/Database/BaseConnection.php(421): CodeIgniter\Database\MySQLi\Connection->connect()
#1 /di/codeigniter/lc222516/GestionProduits/system/Database/Database.php(68): CodeIgniter\Database\BaseConnection->initialize()
#2 /di/codeigniter/lc222516/GestionProduits/system/Database/Config.php(111): CodeIgniter\Database\Database->loadForge()
#3 /di/codeigniter/lc222516/GestionProduits/app/Models/ProduitsModel.php(19): CodeIgniter\Database\Config::forge()
#4 /di/codeigniter/lc222516/GestionProduits/app/Controllers/ProduitsControleur.php(10): App\Models\ProduitsModel->__construct()
#5 /di/codeigniter/lc222516/GestionProduits/system/CodeIgniter.php(933): App\Controllers\ProduitsControleur->index()
#6 /di/codeigniter/lc222516/GestionProduits/system/CodeIgniter.php(509): CodeIgniter\CodeIgniter->runController()
#7 /di/codeigniter/lc222516/GestionProduits/system/CodeIgniter.php(355): CodeIgniter\CodeIgniter->handleRequest()
#8 /di/codeigniter/lc222516/GestionProduits/system/Boot.php(325): CodeIgniter\CodeIgniter->run()
#9 /di/codeigniter/lc222516/GestionProduits/system/Boot.php(67): CodeIgniter\Boot::runCodeIgniter()
#10 /di/codeigniter/lc222516/GestionProduits/public/index.php(56): CodeIgniter\Boot::bootWeb()
#11 /di/codeigniter/lc222516/GestionProduits/system/rewrite.php(44): require_once('...')
#12 {main}
CRITICAL - 2024-09-26 09:12:51 --> CodeIgniter\Database\Exceptions\DatabaseException: Unable to connect to the database.
Main connection [MySQLi]: No such file or directory
[Method: GET, Route: produits]
in SYSTEMPATH/Database/BaseConnection.php on line 467.
 1 SYSTEMPATH/Database/Database.php(68): CodeIgniter\Database\BaseConnection->initialize()
 2 SYSTEMPATH/Database/Config.php(111): CodeIgniter\Database\Database->loadForge()
 3 APPPATH/Models/ProduitsModel.php(19): CodeIgniter\Database\Config::forge()
 4 APPPATH/Controllers/ProduitsControleur.php(10): App\Models\ProduitsModel->__construct()
 5 SYSTEMPATH/CodeIgniter.php(933): App\Controllers\ProduitsControleur->index()
 6 SYSTEMPATH/CodeIgniter.php(509): CodeIgniter\CodeIgniter->runController()
 7 SYSTEMPATH/CodeIgniter.php(355): CodeIgniter\CodeIgniter->handleRequest()
 8 SYSTEMPATH/Boot.php(325): CodeIgniter\CodeIgniter->run()
 9 SYSTEMPATH/Boot.php(67): CodeIgniter\Boot::runCodeIgniter()
10 FCPATH/index.php(56): CodeIgniter\Boot::bootWeb()
11 SYSTEMPATH/rewrite.php(44): require_once('/di/codeigniter/lc222516/GestionProduits/public/index.php')
ERROR - 2024-09-26 09:16:03 --> Error connecting to the database: mysqli_sql_exception: No such file or directory in /di/codeigniter/lc222516/GestionProduits/system/Database/MySQLi/Connection.php:186
Stack trace:
#0 /di/codeigniter/lc222516/GestionProduits/system/Database/MySQLi/Connection.php(186): mysqli->real_connect()
#1 /di/codeigniter/lc222516/GestionProduits/system/Database/BaseConnection.php(421): CodeIgniter\Database\MySQLi\Connection->connect()
#2 /di/codeigniter/lc222516/GestionProduits/system/Database/Database.php(68): CodeIgniter\Database\BaseConnection->initialize()
#3 /di/codeigniter/lc222516/GestionProduits/system/Database/Config.php(111): CodeIgniter\Database\Database->loadForge()
#4 /di/codeigniter/lc222516/GestionProduits/app/Models/ProduitsModel.php(19): CodeIgniter\Database\Config::forge()
#5 /di/codeigniter/lc222516/GestionProduits/app/Controllers/ProduitsControleur.php(10): App\Models\ProduitsModel->__construct()
#6 /di/codeigniter/lc222516/GestionProduits/system/CodeIgniter.php(933): App\Controllers\ProduitsControleur->index()
#7 /di/codeigniter/lc222516/GestionProduits/system/CodeIgniter.php(509): CodeIgniter\CodeIgniter->runController()
#8 /di/codeigniter/lc222516/GestionProduits/system/CodeIgniter.php(355): CodeIgniter\CodeIgniter->handleRequest()
#9 /di/codeigniter/lc222516/GestionProduits/system/Boot.php(325): CodeIgniter\CodeIgniter->run()
#10 /di/codeigniter/lc222516/GestionProduits/system/Boot.php(67): CodeIgniter\Boot::runCodeIgniter()
#11 /di/codeigniter/lc222516/GestionProduits/public/index.php(56): CodeIgniter\Boot::bootWeb()
#12 /di/codeigniter/lc222516/GestionProduits/system/rewrite.php(44): require_once('...')
#13 {main}

Next CodeIgniter\Database\Exceptions\DatabaseException: No such file or directory in /di/codeigniter/lc222516/GestionProduits/system/Database/MySQLi/Connection.php:231
Stack trace:
#0 /di/codeigniter/lc222516/GestionProduits/system/Database/BaseConnection.php(421): CodeIgniter\Database\MySQLi\Connection->connect()
#1 /di/codeigniter/lc222516/GestionProduits/system/Database/Database.php(68): CodeIgniter\Database\BaseConnection->initialize()
#2 /di/codeigniter/lc222516/GestionProduits/system/Database/Config.php(111): CodeIgniter\Database\Database->loadForge()
#3 /di/codeigniter/lc222516/GestionProduits/app/Models/ProduitsModel.php(19): CodeIgniter\Database\Config::forge()
#4 /di/codeigniter/lc222516/GestionProduits/app/Controllers/ProduitsControleur.php(10): App\Models\ProduitsModel->__construct()
#5 /di/codeigniter/lc222516/GestionProduits/system/CodeIgniter.php(933): App\Controllers\ProduitsControleur->index()
#6 /di/codeigniter/lc222516/GestionProduits/system/CodeIgniter.php(509): CodeIgniter\CodeIgniter->runController()
#7 /di/codeigniter/lc222516/GestionProduits/system/CodeIgniter.php(355): CodeIgniter\CodeIgniter->handleRequest()
#8 /di/codeigniter/lc222516/GestionProduits/system/Boot.php(325): CodeIgniter\CodeIgniter->run()
#9 /di/codeigniter/lc222516/GestionProduits/system/Boot.php(67): CodeIgniter\Boot::runCodeIgniter()
#10 /di/codeigniter/lc222516/GestionProduits/public/index.php(56): CodeIgniter\Boot::bootWeb()
#11 /di/codeigniter/lc222516/GestionProduits/system/rewrite.php(44): require_once('...')
#12 {main}
CRITICAL - 2024-09-26 09:16:03 --> CodeIgniter\Database\Exceptions\DatabaseException: Unable to connect to the database.
Main connection [MySQLi]: No such file or directory
[Method: GET, Route: produits]
in SYSTEMPATH/Database/BaseConnection.php on line 467.
 1 SYSTEMPATH/Database/Database.php(68): CodeIgniter\Database\BaseConnection->initialize()
 2 SYSTEMPATH/Database/Config.php(111): CodeIgniter\Database\Database->loadForge()
 3 APPPATH/Models/ProduitsModel.php(19): CodeIgniter\Database\Config::forge()
 4 APPPATH/Controllers/ProduitsControleur.php(10): App\Models\ProduitsModel->__construct()
 5 SYSTEMPATH/CodeIgniter.php(933): App\Controllers\ProduitsControleur->index()
 6 SYSTEMPATH/CodeIgniter.php(509): CodeIgniter\CodeIgniter->runController()
 7 SYSTEMPATH/CodeIgniter.php(355): CodeIgniter\CodeIgniter->handleRequest()
 8 SYSTEMPATH/Boot.php(325): CodeIgniter\CodeIgniter->run()
 9 SYSTEMPATH/Boot.php(67): CodeIgniter\Boot::runCodeIgniter()
10 FCPATH/index.php(56): CodeIgniter\Boot::bootWeb()
11 SYSTEMPATH/rewrite.php(44): require_once('/di/codeigniter/lc222516/GestionProduits/public/index.php')
ERROR - 2024-09-26 09:16:35 --> Error connecting to the database: mysqli_sql_exception: No such file or directory in /di/codeigniter/lc222516/GestionProduits/system/Database/MySQLi/Connection.php:186
Stack trace:
#0 /di/codeigniter/lc222516/GestionProduits/system/Database/MySQLi/Connection.php(186): mysqli->real_connect()
#1 /di/codeigniter/lc222516/GestionProduits/system/Database/BaseConnection.php(421): CodeIgniter\Database\MySQLi\Connection->connect()
#2 /di/codeigniter/lc222516/GestionProduits/system/Database/Database.php(68): CodeIgniter\Database\BaseConnection->initialize()
#3 /di/codeigniter/lc222516/GestionProduits/system/Database/Config.php(111): CodeIgniter\Database\Database->loadForge()
#4 /di/codeigniter/lc222516/GestionProduits/app/Models/ProduitsModel.php(19): CodeIgniter\Database\Config::forge()
#5 /di/codeigniter/lc222516/GestionProduits/app/Controllers/ProduitsControleur.php(10): App\Models\ProduitsModel->__construct()
#6 /di/codeigniter/lc222516/GestionProduits/system/CodeIgniter.php(933): App\Controllers\ProduitsControleur->index()
#7 /di/codeigniter/lc222516/GestionProduits/system/CodeIgniter.php(509): CodeIgniter\CodeIgniter->runController()
#8 /di/codeigniter/lc222516/GestionProduits/system/CodeIgniter.php(355): CodeIgniter\CodeIgniter->handleRequest()
#9 /di/codeigniter/lc222516/GestionProduits/system/Boot.php(325): CodeIgniter\CodeIgniter->run()
#10 /di/codeigniter/lc222516/GestionProduits/system/Boot.php(67): CodeIgniter\Boot::runCodeIgniter()
#11 /di/codeigniter/lc222516/GestionProduits/public/index.php(56): CodeIgniter\Boot::bootWeb()
#12 /di/codeigniter/lc222516/GestionProduits/system/rewrite.php(44): require_once('...')
#13 {main}

Next CodeIgniter\Database\Exceptions\DatabaseException: No such file or directory in /di/codeigniter/lc222516/GestionProduits/system/Database/MySQLi/Connection.php:231
Stack trace:
#0 /di/codeigniter/lc222516/GestionProduits/system/Database/BaseConnection.php(421): CodeIgniter\Database\MySQLi\Connection->connect()
#1 /di/codeigniter/lc222516/GestionProduits/system/Database/Database.php(68): CodeIgniter\Database\BaseConnection->initialize()
#2 /di/codeigniter/lc222516/GestionProduits/system/Database/Config.php(111): CodeIgniter\Database\Database->loadForge()
#3 /di/codeigniter/lc222516/GestionProduits/app/Models/ProduitsModel.php(19): CodeIgniter\Database\Config::forge()
#4 /di/codeigniter/lc222516/GestionProduits/app/Controllers/ProduitsControleur.php(10): App\Models\ProduitsModel->__construct()
#5 /di/codeigniter/lc222516/GestionProduits/system/CodeIgniter.php(933): App\Controllers\ProduitsControleur->index()
#6 /di/codeigniter/lc222516/GestionProduits/system/CodeIgniter.php(509): CodeIgniter\CodeIgniter->runController()
#7 /di/codeigniter/lc222516/GestionProduits/system/CodeIgniter.php(355): CodeIgniter\CodeIgniter->handleRequest()
#8 /di/codeigniter/lc222516/GestionProduits/system/Boot.php(325): CodeIgniter\CodeIgniter->run()
#9 /di/codeigniter/lc222516/GestionProduits/system/Boot.php(67): CodeIgniter\Boot::runCodeIgniter()
#10 /di/codeigniter/lc222516/GestionProduits/public/index.php(56): CodeIgniter\Boot::bootWeb()
#11 /di/codeigniter/lc222516/GestionProduits/system/rewrite.php(44): require_once('...')
#12 {main}
CRITICAL - 2024-09-26 09:16:35 --> CodeIgniter\Database\Exceptions\DatabaseException: Unable to connect to the database.
Main connection [MySQLi]: No such file or directory
[Method: GET, Route: produits]
in SYSTEMPATH/Database/BaseConnection.php on line 467.
 1 SYSTEMPATH/Database/Database.php(68): CodeIgniter\Database\BaseConnection->initialize()
 2 SYSTEMPATH/Database/Config.php(111): CodeIgniter\Database\Database->loadForge()
 3 APPPATH/Models/ProduitsModel.php(19): CodeIgniter\Database\Config::forge()
 4 APPPATH/Controllers/ProduitsControleur.php(10): App\Models\ProduitsModel->__construct()
 5 SYSTEMPATH/CodeIgniter.php(933): App\Controllers\ProduitsControleur->index()
 6 SYSTEMPATH/CodeIgniter.php(509): CodeIgniter\CodeIgniter->runController()
 7 SYSTEMPATH/CodeIgniter.php(355): CodeIgniter\CodeIgniter->handleRequest()
 8 SYSTEMPATH/Boot.php(325): CodeIgniter\CodeIgniter->run()
 9 SYSTEMPATH/Boot.php(67): CodeIgniter\Boot::runCodeIgniter()
10 FCPATH/index.php(56): CodeIgniter\Boot::bootWeb()
11 SYSTEMPATH/rewrite.php(44): require_once('/di/codeigniter/lc222516/GestionProduits/public/index.php')
ERROR - 2024-09-26 09:18:05 --> Error connecting to the database: mysqli_sql_exception: No such file or directory in /di/codeigniter/lc222516/GestionProduits/system/Database/MySQLi/Connection.php:186
Stack trace:
#0 /di/codeigniter/lc222516/GestionProduits/system/Database/MySQLi/Connection.php(186): mysqli->real_connect()
#1 /di/codeigniter/lc222516/GestionProduits/system/Database/BaseConnection.php(421): CodeIgniter\Database\MySQLi\Connection->connect()
#2 /di/codeigniter/lc222516/GestionProduits/system/Database/Database.php(68): CodeIgniter\Database\BaseConnection->initialize()
#3 /di/codeigniter/lc222516/GestionProduits/system/Database/Config.php(111): CodeIgniter\Database\Database->loadForge()
#4 /di/codeigniter/lc222516/GestionProduits/app/Models/ProduitsModel.php(19): CodeIgniter\Database\Config::forge()
#5 /di/codeigniter/lc222516/GestionProduits/app/Controllers/ProduitsControleur.php(10): App\Models\ProduitsModel->__construct()
#6 /di/codeigniter/lc222516/GestionProduits/system/CodeIgniter.php(933): App\Controllers\ProduitsControleur->index()
#7 /di/codeigniter/lc222516/GestionProduits/system/CodeIgniter.php(509): CodeIgniter\CodeIgniter->runController()
#8 /di/codeigniter/lc222516/GestionProduits/system/CodeIgniter.php(355): CodeIgniter\CodeIgniter->handleRequest()
#9 /di/codeigniter/lc222516/GestionProduits/system/Boot.php(325): CodeIgniter\CodeIgniter->run()
#10 /di/codeigniter/lc222516/GestionProduits/system/Boot.php(67): CodeIgniter\Boot::runCodeIgniter()
#11 /di/codeigniter/lc222516/GestionProduits/public/index.php(56): CodeIgniter\Boot::bootWeb()
#12 /di/codeigniter/lc222516/GestionProduits/system/rewrite.php(44): require_once('...')
#13 {main}

Next CodeIgniter\Database\Exceptions\DatabaseException: No such file or directory in /di/codeigniter/lc222516/GestionProduits/system/Database/MySQLi/Connection.php:231
Stack trace:
#0 /di/codeigniter/lc222516/GestionProduits/system/Database/BaseConnection.php(421): CodeIgniter\Database\MySQLi\Connection->connect()
#1 /di/codeigniter/lc222516/GestionProduits/system/Database/Database.php(68): CodeIgniter\Database\BaseConnection->initialize()
#2 /di/codeigniter/lc222516/GestionProduits/system/Database/Config.php(111): CodeIgniter\Database\Database->loadForge()
#3 /di/codeigniter/lc222516/GestionProduits/app/Models/ProduitsModel.php(19): CodeIgniter\Database\Config::forge()
#4 /di/codeigniter/lc222516/GestionProduits/app/Controllers/ProduitsControleur.php(10): App\Models\ProduitsModel->__construct()
#5 /di/codeigniter/lc222516/GestionProduits/system/CodeIgniter.php(933): App\Controllers\ProduitsControleur->index()
#6 /di/codeigniter/lc222516/GestionProduits/system/CodeIgniter.php(509): CodeIgniter\CodeIgniter->runController()
#7 /di/codeigniter/lc222516/GestionProduits/system/CodeIgniter.php(355): CodeIgniter\CodeIgniter->handleRequest()
#8 /di/codeigniter/lc222516/GestionProduits/system/Boot.php(325): CodeIgniter\CodeIgniter->run()
#9 /di/codeigniter/lc222516/GestionProduits/system/Boot.php(67): CodeIgniter\Boot::runCodeIgniter()
#10 /di/codeigniter/lc222516/GestionProduits/public/index.php(56): CodeIgniter\Boot::bootWeb()
#11 /di/codeigniter/lc222516/GestionProduits/system/rewrite.php(44): require_once('...')
#12 {main}
CRITICAL - 2024-09-26 09:18:05 --> CodeIgniter\Database\Exceptions\DatabaseException: Unable to connect to the database.
Main connection [MySQLi]: No such file or directory
[Method: GET, Route: produits]
in SYSTEMPATH/Database/BaseConnection.php on line 467.
 1 SYSTEMPATH/Database/Database.php(68): CodeIgniter\Database\BaseConnection->initialize()
 2 SYSTEMPATH/Database/Config.php(111): CodeIgniter\Database\Database->loadForge()
 3 APPPATH/Models/ProduitsModel.php(19): CodeIgniter\Database\Config::forge()
 4 APPPATH/Controllers/ProduitsControleur.php(10): App\Models\ProduitsModel->__construct()
 5 SYSTEMPATH/CodeIgniter.php(933): App\Controllers\ProduitsControleur->index()
 6 SYSTEMPATH/CodeIgniter.php(509): CodeIgniter\CodeIgniter->runController()
 7 SYSTEMPATH/CodeIgniter.php(355): CodeIgniter\CodeIgniter->handleRequest()
 8 SYSTEMPATH/Boot.php(325): CodeIgniter\CodeIgniter->run()
 9 SYSTEMPATH/Boot.php(67): CodeIgniter\Boot::runCodeIgniter()
10 FCPATH/index.php(56): CodeIgniter\Boot::bootWeb()
11 SYSTEMPATH/rewrite.php(44): require_once('/di/codeigniter/lc222516/GestionProduits/public/index.php')
ERROR - 2024-09-26 09:18:27 --> Error connecting to the database: mysqli_sql_exception: No such file or directory in /di/codeigniter/lc222516/GestionProduits/system/Database/MySQLi/Connection.php:186
Stack trace:
#0 /di/codeigniter/lc222516/GestionProduits/system/Database/MySQLi/Connection.php(186): mysqli->real_connect()
#1 /di/codeigniter/lc222516/GestionProduits/system/Database/BaseConnection.php(421): CodeIgniter\Database\MySQLi\Connection->connect()
#2 /di/codeigniter/lc222516/GestionProduits/system/Database/Database.php(68): CodeIgniter\Database\BaseConnection->initialize()
#3 /di/codeigniter/lc222516/GestionProduits/system/Database/Config.php(111): CodeIgniter\Database\Database->loadForge()
#4 /di/codeigniter/lc222516/GestionProduits/app/Models/ProduitsModel.php(19): CodeIgniter\Database\Config::forge()
#5 /di/codeigniter/lc222516/GestionProduits/app/Controllers/ProduitsControleur.php(10): App\Models\ProduitsModel->__construct()
#6 /di/codeigniter/lc222516/GestionProduits/system/CodeIgniter.php(933): App\Controllers\ProduitsControleur->index()
#7 /di/codeigniter/lc222516/GestionProduits/system/CodeIgniter.php(509): CodeIgniter\CodeIgniter->runController()
#8 /di/codeigniter/lc222516/GestionProduits/system/CodeIgniter.php(355): CodeIgniter\CodeIgniter->handleRequest()
#9 /di/codeigniter/lc222516/GestionProduits/system/Boot.php(325): CodeIgniter\CodeIgniter->run()
#10 /di/codeigniter/lc222516/GestionProduits/system/Boot.php(67): CodeIgniter\Boot::runCodeIgniter()
#11 /di/codeigniter/lc222516/GestionProduits/public/index.php(56): CodeIgniter\Boot::bootWeb()
#12 /di/codeigniter/lc222516/GestionProduits/system/rewrite.php(44): require_once('...')
#13 {main}

Next CodeIgniter\Database\Exceptions\DatabaseException: No such file or directory in /di/codeigniter/lc222516/GestionProduits/system/Database/MySQLi/Connection.php:231
Stack trace:
#0 /di/codeigniter/lc222516/GestionProduits/system/Database/BaseConnection.php(421): CodeIgniter\Database\MySQLi\Connection->connect()
#1 /di/codeigniter/lc222516/GestionProduits/system/Database/Database.php(68): CodeIgniter\Database\BaseConnection->initialize()
#2 /di/codeigniter/lc222516/GestionProduits/system/Database/Config.php(111): CodeIgniter\Database\Database->loadForge()
#3 /di/codeigniter/lc222516/GestionProduits/app/Models/ProduitsModel.php(19): CodeIgniter\Database\Config::forge()
#4 /di/codeigniter/lc222516/GestionProduits/app/Controllers/ProduitsControleur.php(10): App\Models\ProduitsModel->__construct()
#5 /di/codeigniter/lc222516/GestionProduits/system/CodeIgniter.php(933): App\Controllers\ProduitsControleur->index()
#6 /di/codeigniter/lc222516/GestionProduits/system/CodeIgniter.php(509): CodeIgniter\CodeIgniter->runController()
#7 /di/codeigniter/lc222516/GestionProduits/system/CodeIgniter.php(355): CodeIgniter\CodeIgniter->handleRequest()
#8 /di/codeigniter/lc222516/GestionProduits/system/Boot.php(325): CodeIgniter\CodeIgniter->run()
#9 /di/codeigniter/lc222516/GestionProduits/system/Boot.php(67): CodeIgniter\Boot::runCodeIgniter()
#10 /di/codeigniter/lc222516/GestionProduits/public/index.php(56): CodeIgniter\Boot::bootWeb()
#11 /di/codeigniter/lc222516/GestionProduits/system/rewrite.php(44): require_once('...')
#12 {main}
CRITICAL - 2024-09-26 09:18:27 --> CodeIgniter\Database\Exceptions\DatabaseException: Unable to connect to the database.
Main connection [MySQLi]: No such file or directory
[Method: GET, Route: produits]
in SYSTEMPATH/Database/BaseConnection.php on line 467.
 1 SYSTEMPATH/Database/Database.php(68): CodeIgniter\Database\BaseConnection->initialize()
 2 SYSTEMPATH/Database/Config.php(111): CodeIgniter\Database\Database->loadForge()
 3 APPPATH/Models/ProduitsModel.php(19): CodeIgniter\Database\Config::forge()
 4 APPPATH/Controllers/ProduitsControleur.php(10): App\Models\ProduitsModel->__construct()
 5 SYSTEMPATH/CodeIgniter.php(933): App\Controllers\ProduitsControleur->index()
 6 SYSTEMPATH/CodeIgniter.php(509): CodeIgniter\CodeIgniter->runController()
 7 SYSTEMPATH/CodeIgniter.php(355): CodeIgniter\CodeIgniter->handleRequest()
 8 SYSTEMPATH/Boot.php(325): CodeIgniter\CodeIgniter->run()
 9 SYSTEMPATH/Boot.php(67): CodeIgniter\Boot::runCodeIgniter()
10 FCPATH/index.php(56): CodeIgniter\Boot::bootWeb()
11 SYSTEMPATH/rewrite.php(44): require_once('/di/codeigniter/lc222516/GestionProduits/public/index.php')
WARNING - 2024-09-26 09:19:05 --> [DEPRECATED] Creation of dynamic property App\Models\ProduitsModel::$forge is deprecated in APPPATH/Models/ProduitsModel.php on line 19.
 1 APPPATH/Controllers/ProduitsControleur.php(10): App\Models\ProduitsModel->__construct()
 2 SYSTEMPATH/CodeIgniter.php(933): App\Controllers\ProduitsControleur->index()
 3 SYSTEMPATH/CodeIgniter.php(509): CodeIgniter\CodeIgniter->runController(Object(App\Controllers\ProduitsControleur))
 4 SYSTEMPATH/CodeIgniter.php(355): CodeIgniter\CodeIgniter->handleRequest(null, Object(Config\Cache), false)
 5 SYSTEMPATH/Boot.php(325): CodeIgniter\CodeIgniter->run()
 6 SYSTEMPATH/Boot.php(67): CodeIgniter\Boot::runCodeIgniter(Object(CodeIgniter\CodeIgniter))
 7 FCPATH/index.php(56): CodeIgniter\Boot::bootWeb(Object(Config\Paths))
 8 SYSTEMPATH/rewrite.php(44): require_once('/di/codeigniter/lc222516/GestionProduits/public/index.php')
WARNING - 2024-09-26 09:19:15 --> [DEPRECATED] Creation of dynamic property App\Models\ProduitsModel::$forge is deprecated in APPPATH/Models/ProduitsModel.php on line 19.
 1 APPPATH/Controllers/ProduitsControleur.php(10): App\Models\ProduitsModel->__construct()
 2 SYSTEMPATH/CodeIgniter.php(933): App\Controllers\ProduitsControleur->index()
 3 SYSTEMPATH/CodeIgniter.php(509): CodeIgniter\CodeIgniter->runController(Object(App\Controllers\ProduitsControleur))
 4 SYSTEMPATH/CodeIgniter.php(355): CodeIgniter\CodeIgniter->handleRequest(null, Object(Config\Cache), false)
 5 SYSTEMPATH/Boot.php(325): CodeIgniter\CodeIgniter->run()
 6 SYSTEMPATH/Boot.php(67): CodeIgniter\Boot::runCodeIgniter(Object(CodeIgniter\CodeIgniter))
 7 FCPATH/index.php(56): CodeIgniter\Boot::bootWeb(Object(Config\Paths))
 8 SYSTEMPATH/rewrite.php(44): require_once('/di/codeigniter/lc222516/GestionProduits/public/index.php')
WARNING - 2024-09-26 09:20:11 --> [DEPRECATED] Creation of dynamic property App\Models\ProduitsModel::$forge is deprecated in APPPATH/Models/ProduitsModel.php on line 19.
 1 APPPATH/Controllers/ProduitsControleur.php(10): App\Models\ProduitsModel->__construct()
 2 SYSTEMPATH/CodeIgniter.php(933): App\Controllers\ProduitsControleur->index()
 3 SYSTEMPATH/CodeIgniter.php(509): CodeIgniter\CodeIgniter->runController(Object(App\Controllers\ProduitsControleur))
 4 SYSTEMPATH/CodeIgniter.php(355): CodeIgniter\CodeIgniter->handleRequest(null, Object(Config\Cache), false)
 5 SYSTEMPATH/Boot.php(325): CodeIgniter\CodeIgniter->run()
 6 SYSTEMPATH/Boot.php(67): CodeIgniter\Boot::runCodeIgniter(Object(CodeIgniter\CodeIgniter))
 7 FCPATH/index.php(56): CodeIgniter\Boot::bootWeb(Object(Config\Paths))
 8 SYSTEMPATH/rewrite.php(44): require_once('/di/codeigniter/lc222516/GestionProduits/public/index.php')
WARNING - 2024-09-26 09:20:28 --> [DEPRECATED] Creation of dynamic property App\Models\ProduitsModel::$forge is deprecated in APPPATH/Models/ProduitsModel.php on line 19.
 1 APPPATH/Controllers/ProduitsControleur.php(10): App\Models\ProduitsModel->__construct()
 2 SYSTEMPATH/CodeIgniter.php(933): App\Controllers\ProduitsControleur->index()
 3 SYSTEMPATH/CodeIgniter.php(509): CodeIgniter\CodeIgniter->runController(Object(App\Controllers\ProduitsControleur))
 4 SYSTEMPATH/CodeIgniter.php(355): CodeIgniter\CodeIgniter->handleRequest(null, Object(Config\Cache), false)
 5 SYSTEMPATH/Boot.php(325): CodeIgniter\CodeIgniter->run()
 6 SYSTEMPATH/Boot.php(67): CodeIgniter\Boot::runCodeIgniter(Object(CodeIgniter\CodeIgniter))
 7 FCPATH/index.php(56): CodeIgniter\Boot::bootWeb(Object(Config\Paths))
 8 SYSTEMPATH/rewrite.php(44): require_once('/di/codeigniter/lc222516/GestionProduits/public/index.php')
WARNING - 2024-09-26 09:21:44 --> [DEPRECATED] Creation of dynamic property App\Models\ProduitsModel::$forge is deprecated in APPPATH/Models/ProduitsModel.php on line 19.
 1 APPPATH/Controllers/ProduitsControleur.php(10): App\Models\ProduitsModel->__construct()
 2 SYSTEMPATH/CodeIgniter.php(933): App\Controllers\ProduitsControleur->index()
 3 SYSTEMPATH/CodeIgniter.php(509): CodeIgniter\CodeIgniter->runController(Object(App\Controllers\ProduitsControleur))
 4 SYSTEMPATH/CodeIgniter.php(355): CodeIgniter\CodeIgniter->handleRequest(null, Object(Config\Cache), false)
 5 SYSTEMPATH/Boot.php(325): CodeIgniter\CodeIgniter->run()
 6 SYSTEMPATH/Boot.php(67): CodeIgniter\Boot::runCodeIgniter(Object(CodeIgniter\CodeIgniter))
 7 FCPATH/index.php(56): CodeIgniter\Boot::bootWeb(Object(Config\Paths))
 8 SYSTEMPATH/rewrite.php(44): require_once('/di/codeigniter/lc222516/GestionProduits/public/index.php')
WARNING - 2024-09-26 09:21:47 --> [DEPRECATED] Creation of dynamic property App\Models\ProduitsModel::$forge is deprecated in APPPATH/Models/ProduitsModel.php on line 19.
 1 APPPATH/Controllers/ProduitsControleur.php(10): App\Models\ProduitsModel->__construct()
 2 SYSTEMPATH/CodeIgniter.php(933): App\Controllers\ProduitsControleur->index()
 3 SYSTEMPATH/CodeIgniter.php(509): CodeIgniter\CodeIgniter->runController(Object(App\Controllers\ProduitsControleur))
 4 SYSTEMPATH/CodeIgniter.php(355): CodeIgniter\CodeIgniter->handleRequest(null, Object(Config\Cache), false)
 5 SYSTEMPATH/Boot.php(325): CodeIgniter\CodeIgniter->run()
 6 SYSTEMPATH/Boot.php(67): CodeIgniter\Boot::runCodeIgniter(Object(CodeIgniter\CodeIgniter))
 7 FCPATH/index.php(56): CodeIgniter\Boot::bootWeb(Object(Config\Paths))
 8 SYSTEMPATH/rewrite.php(44): require_once('/di/codeigniter/lc222516/GestionProduits/public/index.php')
WARNING - 2024-09-26 09:23:01 --> [DEPRECATED] Creation of dynamic property App\Models\ProduitsModel::$forge is deprecated in APPPATH/Models/ProduitsModel.php on line 19.
 1 APPPATH/Controllers/ProduitsControleur.php(10): App\Models\ProduitsModel->__construct()
 2 SYSTEMPATH/CodeIgniter.php(933): App\Controllers\ProduitsControleur->index()
 3 SYSTEMPATH/CodeIgniter.php(509): CodeIgniter\CodeIgniter->runController(Object(App\Controllers\ProduitsControleur))
 4 SYSTEMPATH/CodeIgniter.php(355): CodeIgniter\CodeIgniter->handleRequest(null, Object(Config\Cache), false)
 5 SYSTEMPATH/Boot.php(325): CodeIgniter\CodeIgniter->run()
 6 SYSTEMPATH/Boot.php(67): CodeIgniter\Boot::runCodeIgniter(Object(CodeIgniter\CodeIgniter))
 7 FCPATH/index.php(56): CodeIgniter\Boot::bootWeb(Object(Config\Paths))
 8 SYSTEMPATH/rewrite.php(44): require_once('/di/codeigniter/lc222516/GestionProduits/public/index.php')
WARNING - 2024-09-26 09:23:01 --> [DEPRECATED] Creation of dynamic property App\Models\ProduitsModel::$forge is deprecated in APPPATH/Models/ProduitsModel.php on line 19.
 1 APPPATH/Controllers/ProduitsControleur.php(10): App\Models\ProduitsModel->__construct()
 2 SYSTEMPATH/CodeIgniter.php(933): App\Controllers\ProduitsControleur->index()
 3 SYSTEMPATH/CodeIgniter.php(509): CodeIgniter\CodeIgniter->runController(Object(App\Controllers\ProduitsControleur))
 4 SYSTEMPATH/CodeIgniter.php(355): CodeIgniter\CodeIgniter->handleRequest(null, Object(Config\Cache), false)
 5 SYSTEMPATH/Boot.php(325): CodeIgniter\CodeIgniter->run()
 6 SYSTEMPATH/Boot.php(67): CodeIgniter\Boot::runCodeIgniter(Object(CodeIgniter\CodeIgniter))
 7 FCPATH/index.php(56): CodeIgniter\Boot::bootWeb(Object(Config\Paths))
 8 SYSTEMPATH/rewrite.php(44): require_once('/di/codeigniter/lc222516/GestionProduits/public/index.php')
WARNING - 2024-09-26 09:23:01 --> [DEPRECATED] Creation of dynamic property App\Models\ProduitsModel::$forge is deprecated in APPPATH/Models/ProduitsModel.php on line 19.
 1 APPPATH/Controllers/ProduitsControleur.php(10): App\Models\ProduitsModel->__construct()
 2 SYSTEMPATH/CodeIgniter.php(933): App\Controllers\ProduitsControleur->index()
 3 SYSTEMPATH/CodeIgniter.php(509): CodeIgniter\CodeIgniter->runController(Object(App\Controllers\ProduitsControleur))
 4 SYSTEMPATH/CodeIgniter.php(355): CodeIgniter\CodeIgniter->handleRequest(null, Object(Config\Cache), false)
 5 SYSTEMPATH/Boot.php(325): CodeIgniter\CodeIgniter->run()
 6 SYSTEMPATH/Boot.php(67): CodeIgniter\Boot::runCodeIgniter(Object(CodeIgniter\CodeIgniter))
 7 FCPATH/index.php(56): CodeIgniter\Boot::bootWeb(Object(Config\Paths))
 8 SYSTEMPATH/rewrite.php(44): require_once('/di/codeigniter/lc222516/GestionProduits/public/index.php')
WARNING - 2024-09-26 09:23:12 --> [DEPRECATED] Creation of dynamic property App\Models\ProduitsModel::$forge is deprecated in APPPATH/Models/ProduitsModel.php on line 19.
 1 APPPATH/Controllers/ProduitsControleur.php(10): App\Models\ProduitsModel->__construct()
 2 SYSTEMPATH/CodeIgniter.php(933): App\Controllers\ProduitsControleur->index()
 3 SYSTEMPATH/CodeIgniter.php(509): CodeIgniter\CodeIgniter->runController(Object(App\Controllers\ProduitsControleur))
 4 SYSTEMPATH/CodeIgniter.php(355): CodeIgniter\CodeIgniter->handleRequest(null, Object(Config\Cache), false)
 5 SYSTEMPATH/Boot.php(325): CodeIgniter\CodeIgniter->run()
 6 SYSTEMPATH/Boot.php(67): CodeIgniter\Boot::runCodeIgniter(Object(CodeIgniter\CodeIgniter))
 7 FCPATH/index.php(56): CodeIgniter\Boot::bootWeb(Object(Config\Paths))
 8 SYSTEMPATH/rewrite.php(44): require_once('/di/codeigniter/lc222516/GestionProduits/public/index.php')
WARNING - 2024-09-26 09:23:53 --> [DEPRECATED] Creation of dynamic property App\Models\ProduitsModel::$forge is deprecated in APPPATH/Models/ProduitsModel.php on line 19.
 1 APPPATH/Controllers/ProduitsControleur.php(10): App\Models\ProduitsModel->__construct()
 2 SYSTEMPATH/CodeIgniter.php(933): App\Controllers\ProduitsControleur->index()
 3 SYSTEMPATH/CodeIgniter.php(509): CodeIgniter\CodeIgniter->runController(Object(App\Controllers\ProduitsControleur))
 4 SYSTEMPATH/CodeIgniter.php(355): CodeIgniter\CodeIgniter->handleRequest(null, Object(Config\Cache), false)
 5 SYSTEMPATH/Boot.php(325): CodeIgniter\CodeIgniter->run()
 6 SYSTEMPATH/Boot.php(67): CodeIgniter\Boot::runCodeIgniter(Object(CodeIgniter\CodeIgniter))
 7 FCPATH/index.php(56): CodeIgniter\Boot::bootWeb(Object(Config\Paths))
 8 SYSTEMPATH/rewrite.php(44): require_once('/di/codeigniter/lc222516/GestionProduits/public/index.php')
WARNING - 2024-09-26 09:25:41 --> [DEPRECATED] Creation of dynamic property App\Models\ProduitsModel::$forge is deprecated in APPPATH/Models/ProduitsModel.php on line 19.
 1 APPPATH/Controllers/ProduitsControleur.php(10): App\Models\ProduitsModel->__construct()
 2 SYSTEMPATH/CodeIgniter.php(933): App\Controllers\ProduitsControleur->index()
 3 SYSTEMPATH/CodeIgniter.php(509): CodeIgniter\CodeIgniter->runController(Object(App\Controllers\ProduitsControleur))
 4 SYSTEMPATH/CodeIgniter.php(355): CodeIgniter\CodeIgniter->handleRequest(null, Object(Config\Cache), false)
 5 SYSTEMPATH/Boot.php(325): CodeIgniter\CodeIgniter->run()
 6 SYSTEMPATH/Boot.php(67): CodeIgniter\Boot::runCodeIgniter(Object(CodeIgniter\CodeIgniter))
 7 FCPATH/index.php(56): CodeIgniter\Boot::bootWeb(Object(Config\Paths))
 8 SYSTEMPATH/rewrite.php(44): require_once('/di/codeigniter/lc222516/GestionProduits/public/index.php')
WARNING - 2024-09-26 09:25:49 --> [DEPRECATED] Creation of dynamic property App\Models\ProduitsModel::$forge is deprecated in APPPATH/Models/ProduitsModel.php on line 19.
 1 APPPATH/Controllers/ProduitsControleur.php(10): App\Models\ProduitsModel->__construct()
 2 SYSTEMPATH/CodeIgniter.php(933): App\Controllers\ProduitsControleur->index()
 3 SYSTEMPATH/CodeIgniter.php(509): CodeIgniter\CodeIgniter->runController(Object(App\Controllers\ProduitsControleur))
 4 SYSTEMPATH/CodeIgniter.php(355): CodeIgniter\CodeIgniter->handleRequest(null, Object(Config\Cache), false)
 5 SYSTEMPATH/Boot.php(325): CodeIgniter\CodeIgniter->run()
 6 SYSTEMPATH/Boot.php(67): CodeIgniter\Boot::runCodeIgniter(Object(CodeIgniter\CodeIgniter))
 7 FCPATH/index.php(56): CodeIgniter\Boot::bootWeb(Object(Config\Paths))
 8 SYSTEMPATH/rewrite.php(44): require_once('/di/codeigniter/lc222516/GestionProduits/public/index.php')
WARNING - 2024-09-26 09:25:57 --> [DEPRECATED] Creation of dynamic property App\Models\ProduitsModel::$forge is deprecated in APPPATH/Models/ProduitsModel.php on line 19.
 1 APPPATH/Controllers/ProduitsControleur.php(10): App\Models\ProduitsModel->__construct()
 2 SYSTEMPATH/CodeIgniter.php(933): App\Controllers\ProduitsControleur->index()
 3 SYSTEMPATH/CodeIgniter.php(509): CodeIgniter\CodeIgniter->runController(Object(App\Controllers\ProduitsControleur))
 4 SYSTEMPATH/CodeIgniter.php(355): CodeIgniter\CodeIgniter->handleRequest(null, Object(Config\Cache), false)
 5 SYSTEMPATH/Boot.php(325): CodeIgniter\CodeIgniter->run()
 6 SYSTEMPATH/Boot.php(67): CodeIgniter\Boot::runCodeIgniter(Object(CodeIgniter\CodeIgniter))
 7 FCPATH/index.php(56): CodeIgniter\Boot::bootWeb(Object(Config\Paths))
 8 SYSTEMPATH/rewrite.php(44): require_once('/di/codeigniter/lc222516/GestionProduits/public/index.php')
WARNING - 2024-09-26 11:06:46 --> [DEPRECATED] Creation of dynamic property App\Models\ProduitsModel::$forge is deprecated in APPPATH/Models/ProduitsModel.php on line 19.
 1 APPPATH/Controllers/ProduitsControleur.php(10): App\Models\ProduitsModel->__construct()
 2 SYSTEMPATH/CodeIgniter.php(933): App\Controllers\ProduitsControleur->index()
 3 SYSTEMPATH/CodeIgniter.php(509): CodeIgniter\CodeIgniter->runController(Object(App\Controllers\ProduitsControleur))
 4 SYSTEMPATH/CodeIgniter.php(355): CodeIgniter\CodeIgniter->handleRequest(null, Object(Config\Cache), false)
 5 SYSTEMPATH/Boot.php(325): CodeIgniter\CodeIgniter->run()
 6 SYSTEMPATH/Boot.php(67): CodeIgniter\Boot::runCodeIgniter(Object(CodeIgniter\CodeIgniter))
 7 FCPATH/index.php(56): CodeIgniter\Boot::bootWeb(Object(Config\Paths))
 8 SYSTEMPATH/rewrite.php(44): require_once('/di/codeigniter/lc222516/GestionProduits/public/index.php')
WARNING - 2024-09-26 11:40:41 --> [DEPRECATED] Creation of dynamic property App\Models\ProduitsModel::$forge is deprecated in APPPATH/Models/ProduitsModel.php on line 19.
 1 APPPATH/Controllers/ProduitsControleur.php(10): App\Models\ProduitsModel->__construct()
 2 SYSTEMPATH/CodeIgniter.php(933): App\Controllers\ProduitsControleur->index()
 3 SYSTEMPATH/CodeIgniter.php(509): CodeIgniter\CodeIgniter->runController(Object(App\Controllers\ProduitsControleur))
 4 SYSTEMPATH/CodeIgniter.php(355): CodeIgniter\CodeIgniter->handleRequest(null, Object(Config\Cache), false)
 5 SYSTEMPATH/Boot.php(325): CodeIgniter\CodeIgniter->run()
 6 SYSTEMPATH/Boot.php(67): CodeIgniter\Boot::runCodeIgniter(Object(CodeIgniter\CodeIgniter))
 7 FCPATH/index.php(56): CodeIgniter\Boot::bootWeb(Object(Config\Paths))
 8 SYSTEMPATH/rewrite.php(44): require_once('/di/codeigniter/lc222516/GestionProduits/public/index.php')
WARNING - 2024-09-26 11:42:34 --> [DEPRECATED] Creation of dynamic property App\Models\ProduitsModel::$forge is deprecated in APPPATH/Models/ProduitsModel.php on line 19.
 1 APPPATH/Controllers/ProduitsControleur.php(10): App\Models\ProduitsModel->__construct()
 2 SYSTEMPATH/CodeIgniter.php(933): App\Controllers\ProduitsControleur->index()
 3 SYSTEMPATH/CodeIgniter.php(509): CodeIgniter\CodeIgniter->runController(Object(App\Controllers\ProduitsControleur))
 4 SYSTEMPATH/CodeIgniter.php(355): CodeIgniter\CodeIgniter->handleRequest(null, Object(Config\Cache), false)
 5 SYSTEMPATH/Boot.php(325): CodeIgniter\CodeIgniter->run()
 6 SYSTEMPATH/Boot.php(67): CodeIgniter\Boot::runCodeIgniter(Object(CodeIgniter\CodeIgniter))
 7 FCPATH/index.php(56): CodeIgniter\Boot::bootWeb(Object(Config\Paths))
 8 SYSTEMPATH/rewrite.php(44): require_once('/di/codeigniter/lc222516/GestionProduits/public/index.php')
WARNING - 2024-09-26 11:42:39 --> [DEPRECATED] Creation of dynamic property App\Models\ProduitsModel::$forge is deprecated in APPPATH/Models/ProduitsModel.php on line 19.
 1 APPPATH/Controllers/ProduitsControleur.php(10): App\Models\ProduitsModel->__construct()
 2 SYSTEMPATH/CodeIgniter.php(933): App\Controllers\ProduitsControleur->index()
 3 SYSTEMPATH/CodeIgniter.php(509): CodeIgniter\CodeIgniter->runController(Object(App\Controllers\ProduitsControleur))
 4 SYSTEMPATH/CodeIgniter.php(355): CodeIgniter\CodeIgniter->handleRequest(null, Object(Config\Cache), false)
 5 SYSTEMPATH/Boot.php(325): CodeIgniter\CodeIgniter->run()
 6 SYSTEMPATH/Boot.php(67): CodeIgniter\Boot::runCodeIgniter(Object(CodeIgniter\CodeIgniter))
 7 FCPATH/index.php(56): CodeIgniter\Boot::bootWeb(Object(Config\Paths))
 8 SYSTEMPATH/rewrite.php(44): require_once('/di/codeigniter/lc222516/GestionProduits/public/index.php')
WARNING - 2024-09-26 11:42:59 --> [DEPRECATED] Creation of dynamic property App\Models\ProduitsModel::$forge is deprecated in APPPATH/Models/ProduitsModel.php on line 19.
 1 APPPATH/Controllers/ProduitsControleur.php(10): App\Models\ProduitsModel->__construct()
 2 SYSTEMPATH/CodeIgniter.php(933): App\Controllers\ProduitsControleur->index()
 3 SYSTEMPATH/CodeIgniter.php(509): CodeIgniter\CodeIgniter->runController(Object(App\Controllers\ProduitsControleur))
 4 SYSTEMPATH/CodeIgniter.php(355): CodeIgniter\CodeIgniter->handleRequest(null, Object(Config\Cache), false)
 5 SYSTEMPATH/Boot.php(325): CodeIgniter\CodeIgniter->run()
 6 SYSTEMPATH/Boot.php(67): CodeIgniter\Boot::runCodeIgniter(Object(CodeIgniter\CodeIgniter))
 7 FCPATH/index.php(56): CodeIgniter\Boot::bootWeb(Object(Config\Paths))
 8 SYSTEMPATH/rewrite.php(44): require_once('/di/codeigniter/lc222516/GestionProduits/public/index.php')
WARNING - 2024-09-26 11:43:00 --> [DEPRECATED] Creation of dynamic property App\Models\ProduitsModel::$forge is deprecated in APPPATH/Models/ProduitsModel.php on line 19.
 1 APPPATH/Controllers/ProduitsControleur.php(10): App\Models\ProduitsModel->__construct()
 2 SYSTEMPATH/CodeIgniter.php(933): App\Controllers\ProduitsControleur->index()
 3 SYSTEMPATH/CodeIgniter.php(509): CodeIgniter\CodeIgniter->runController(Object(App\Controllers\ProduitsControleur))
 4 SYSTEMPATH/CodeIgniter.php(355): CodeIgniter\CodeIgniter->handleRequest(null, Object(Config\Cache), false)
 5 SYSTEMPATH/Boot.php(325): CodeIgniter\CodeIgniter->run()
 6 SYSTEMPATH/Boot.php(67): CodeIgniter\Boot::runCodeIgniter(Object(CodeIgniter\CodeIgniter))
 7 FCPATH/index.php(56): CodeIgniter\Boot::bootWeb(Object(Config\Paths))
 8 SYSTEMPATH/rewrite.php(44): require_once('/di/codeigniter/lc222516/GestionProduits/public/index.php')
WARNING - 2024-09-26 11:44:04 --> [DEPRECATED] Creation of dynamic property App\Models\ProduitsModel::$forge is deprecated in APPPATH/Models/ProduitsModel.php on line 19.
 1 APPPATH/Controllers/ProduitsControleur.php(10): App\Models\ProduitsModel->__construct()
 2 SYSTEMPATH/CodeIgniter.php(933): App\Controllers\ProduitsControleur->index()
 3 SYSTEMPATH/CodeIgniter.php(509): CodeIgniter\CodeIgniter->runController(Object(App\Controllers\ProduitsControleur))
 4 SYSTEMPATH/CodeIgniter.php(355): CodeIgniter\CodeIgniter->handleRequest(null, Object(Config\Cache), false)
 5 SYSTEMPATH/Boot.php(325): CodeIgniter\CodeIgniter->run()
 6 SYSTEMPATH/Boot.php(67): CodeIgniter\Boot::runCodeIgniter(Object(CodeIgniter\CodeIgniter))
 7 FCPATH/index.php(56): CodeIgniter\Boot::bootWeb(Object(Config\Paths))
 8 SYSTEMPATH/rewrite.php(44): require_once('/di/codeigniter/lc222516/GestionProduits/public/index.php')
WARNING - 2024-09-26 11:46:06 --> [DEPRECATED] Creation of dynamic property App\Models\ProduitsModel::$forge is deprecated in APPPATH/Models/ProduitsModel.php on line 19.
 1 APPPATH/Controllers/ProduitsControleur.php(10): App\Models\ProduitsModel->__construct()
 2 SYSTEMPATH/CodeIgniter.php(933): App\Controllers\ProduitsControleur->index()
 3 SYSTEMPATH/CodeIgniter.php(509): CodeIgniter\CodeIgniter->runController(Object(App\Controllers\ProduitsControleur))
 4 SYSTEMPATH/CodeIgniter.php(355): CodeIgniter\CodeIgniter->handleRequest(null, Object(Config\Cache), false)
 5 SYSTEMPATH/Boot.php(325): CodeIgniter\CodeIgniter->run()
 6 SYSTEMPATH/Boot.php(67): CodeIgniter\Boot::runCodeIgniter(Object(CodeIgniter\CodeIgniter))
 7 FCPATH/index.php(56): CodeIgniter\Boot::bootWeb(Object(Config\Paths))
 8 SYSTEMPATH/rewrite.php(44): require_once('/di/codeigniter/lc222516/GestionProduits/public/index.php')
WARNING - 2024-09-26 11:46:10 --> [DEPRECATED] Creation of dynamic property App\Models\ProduitsModel::$forge is deprecated in APPPATH/Models/ProduitsModel.php on line 19.
 1 APPPATH/Controllers/ProduitsControleur.php(10): App\Models\ProduitsModel->__construct()
 2 SYSTEMPATH/CodeIgniter.php(933): App\Controllers\ProduitsControleur->index()
 3 SYSTEMPATH/CodeIgniter.php(509): CodeIgniter\CodeIgniter->runController(Object(App\Controllers\ProduitsControleur))
 4 SYSTEMPATH/CodeIgniter.php(355): CodeIgniter\CodeIgniter->handleRequest(null, Object(Config\Cache), false)
 5 SYSTEMPATH/Boot.php(325): CodeIgniter\CodeIgniter->run()
 6 SYSTEMPATH/Boot.php(67): CodeIgniter\Boot::runCodeIgniter(Object(CodeIgniter\CodeIgniter))
 7 FCPATH/index.php(56): CodeIgniter\Boot::bootWeb(Object(Config\Paths))
 8 SYSTEMPATH/rewrite.php(44): require_once('/di/codeigniter/lc222516/GestionProduits/public/index.php')
WARNING - 2024-09-26 11:46:51 --> [DEPRECATED] Creation of dynamic property App\Models\ProduitsModel::$forge is deprecated in APPPATH/Models/ProduitsModel.php on line 19.
 1 APPPATH/Controllers/ProduitsControleur.php(10): App\Models\ProduitsModel->__construct()
 2 SYSTEMPATH/CodeIgniter.php(933): App\Controllers\ProduitsControleur->index()
 3 SYSTEMPATH/CodeIgniter.php(509): CodeIgniter\CodeIgniter->runController(Object(App\Controllers\ProduitsControleur))
 4 SYSTEMPATH/CodeIgniter.php(355): CodeIgniter\CodeIgniter->handleRequest(null, Object(Config\Cache), false)
 5 SYSTEMPATH/Boot.php(325): CodeIgniter\CodeIgniter->run()
 6 SYSTEMPATH/Boot.php(67): CodeIgniter\Boot::runCodeIgniter(Object(CodeIgniter\CodeIgniter))
 7 FCPATH/index.php(56): CodeIgniter\Boot::bootWeb(Object(Config\Paths))
 8 SYSTEMPATH/rewrite.php(44): require_once('/di/codeigniter/lc222516/GestionProduits/public/index.php')
WARNING - 2024-09-26 11:46:59 --> [DEPRECATED] Creation of dynamic property App\Models\ProduitsModel::$forge is deprecated in APPPATH/Models/ProduitsModel.php on line 19.
 1 APPPATH/Controllers/ProduitsControleur.php(10): App\Models\ProduitsModel->__construct()
 2 SYSTEMPATH/CodeIgniter.php(933): App\Controllers\ProduitsControleur->index()
 3 SYSTEMPATH/CodeIgniter.php(509): CodeIgniter\CodeIgniter->runController(Object(App\Controllers\ProduitsControleur))
 4 SYSTEMPATH/CodeIgniter.php(355): CodeIgniter\CodeIgniter->handleRequest(null, Object(Config\Cache), false)
 5 SYSTEMPATH/Boot.php(325): CodeIgniter\CodeIgniter->run()
 6 SYSTEMPATH/Boot.php(67): CodeIgniter\Boot::runCodeIgniter(Object(CodeIgniter\CodeIgniter))
 7 FCPATH/index.php(56): CodeIgniter\Boot::bootWeb(Object(Config\Paths))
 8 SYSTEMPATH/rewrite.php(44): require_once('/di/codeigniter/lc222516/GestionProduits/public/index.php')
WARNING - 2024-09-26 11:47:46 --> [DEPRECATED] Creation of dynamic property App\Models\ProduitsModel::$forge is deprecated in APPPATH/Models/ProduitsModel.php on line 19.
 1 APPPATH/Controllers/ProduitsControleur.php(10): App\Models\ProduitsModel->__construct()
 2 SYSTEMPATH/CodeIgniter.php(933): App\Controllers\ProduitsControleur->index()
 3 SYSTEMPATH/CodeIgniter.php(509): CodeIgniter\CodeIgniter->runController(Object(App\Controllers\ProduitsControleur))
 4 SYSTEMPATH/CodeIgniter.php(355): CodeIgniter\CodeIgniter->handleRequest(null, Object(Config\Cache), false)
 5 SYSTEMPATH/Boot.php(325): CodeIgniter\CodeIgniter->run()
 6 SYSTEMPATH/Boot.php(67): CodeIgniter\Boot::runCodeIgniter(Object(CodeIgniter\CodeIgniter))
 7 FCPATH/index.php(56): CodeIgniter\Boot::bootWeb(Object(Config\Paths))
 8 SYSTEMPATH/rewrite.php(44): require_once('/di/codeigniter/lc222516/GestionProduits/public/index.php')
WARNING - 2024-09-26 11:47:59 --> [DEPRECATED] Creation of dynamic property App\Models\ProduitsModel::$forge is deprecated in APPPATH/Models/ProduitsModel.php on line 19.
 1 APPPATH/Controllers/ProduitsControleur.php(10): App\Models\ProduitsModel->__construct()
 2 SYSTEMPATH/CodeIgniter.php(933): App\Controllers\ProduitsControleur->index()
 3 SYSTEMPATH/CodeIgniter.php(509): CodeIgniter\CodeIgniter->runController(Object(App\Controllers\ProduitsControleur))
 4 SYSTEMPATH/CodeIgniter.php(355): CodeIgniter\CodeIgniter->handleRequest(null, Object(Config\Cache), false)
 5 SYSTEMPATH/Boot.php(325): CodeIgniter\CodeIgniter->run()
 6 SYSTEMPATH/Boot.php(67): CodeIgniter\Boot::runCodeIgniter(Object(CodeIgniter\CodeIgniter))
 7 FCPATH/index.php(56): CodeIgniter\Boot::bootWeb(Object(Config\Paths))
 8 SYSTEMPATH/rewrite.php(44): require_once('/di/codeigniter/lc222516/GestionProduits/public/index.php')
WARNING - 2024-09-26 11:55:27 --> [DEPRECATED] Creation of dynamic property App\Models\ProduitsModel::$forge is deprecated in APPPATH/Models/ProduitsModel.php on line 19.
 1 APPPATH/Controllers/ProduitsControleur.php(10): App\Models\ProduitsModel->__construct()
 2 SYSTEMPATH/CodeIgniter.php(933): App\Controllers\ProduitsControleur->index()
 3 SYSTEMPATH/CodeIgniter.php(509): CodeIgniter\CodeIgniter->runController(Object(App\Controllers\ProduitsControleur))
 4 SYSTEMPATH/CodeIgniter.php(355): CodeIgniter\CodeIgniter->handleRequest(null, Object(Config\Cache), false)
 5 SYSTEMPATH/Boot.php(325): CodeIgniter\CodeIgniter->run()
 6 SYSTEMPATH/Boot.php(67): CodeIgniter\Boot::runCodeIgniter(Object(CodeIgniter\CodeIgniter))
 7 FCPATH/index.php(56): CodeIgniter\Boot::bootWeb(Object(Config\Paths))
 8 SYSTEMPATH/rewrite.php(44): require_once('/di/codeigniter/lc222516/GestionProduits/public/index.php')
WARNING - 2024-09-26 11:55:36 --> [DEPRECATED] Creation of dynamic property App\Models\ProduitsModel::$forge is deprecated in APPPATH/Models/ProduitsModel.php on line 19.
 1 APPPATH/Controllers/ProduitsControleur.php(10): App\Models\ProduitsModel->__construct()
 2 SYSTEMPATH/CodeIgniter.php(933): App\Controllers\ProduitsControleur->index()
 3 SYSTEMPATH/CodeIgniter.php(509): CodeIgniter\CodeIgniter->runController(Object(App\Controllers\ProduitsControleur))
 4 SYSTEMPATH/CodeIgniter.php(355): CodeIgniter\CodeIgniter->handleRequest(null, Object(Config\Cache), false)
 5 SYSTEMPATH/Boot.php(325): CodeIgniter\CodeIgniter->run()
 6 SYSTEMPATH/Boot.php(67): CodeIgniter\Boot::runCodeIgniter(Object(CodeIgniter\CodeIgniter))
 7 FCPATH/index.php(56): CodeIgniter\Boot::bootWeb(Object(Config\Paths))
 8 SYSTEMPATH/rewrite.php(44): require_once('/di/codeigniter/lc222516/GestionProduits/public/index.php')
WARNING - 2024-09-26 11:58:30 --> [DEPRECATED] Creation of dynamic property App\Models\ProduitsModel::$forge is deprecated in APPPATH/Models/ProduitsModel.php on line 19.
 1 APPPATH/Controllers/ProduitsControleur.php(10): App\Models\ProduitsModel->__construct()
 2 SYSTEMPATH/CodeIgniter.php(933): App\Controllers\ProduitsControleur->index()
 3 SYSTEMPATH/CodeIgniter.php(509): CodeIgniter\CodeIgniter->runController(Object(App\Controllers\ProduitsControleur))
 4 SYSTEMPATH/CodeIgniter.php(355): CodeIgniter\CodeIgniter->handleRequest(null, Object(Config\Cache), false)
 5 SYSTEMPATH/Boot.php(325): CodeIgniter\CodeIgniter->run()
 6 SYSTEMPATH/Boot.php(67): CodeIgniter\Boot::runCodeIgniter(Object(CodeIgniter\CodeIgniter))
 7 FCPATH/index.php(56): CodeIgniter\Boot::bootWeb(Object(Config\Paths))
 8 SYSTEMPATH/rewrite.php(44): require_once('/di/codeigniter/lc222516/GestionProduits/public/index.php')
WARNING - 2024-09-26 12:04:34 --> [DEPRECATED] Creation of dynamic property App\Models\ProduitsModel::$forge is deprecated in APPPATH/Models/ProduitsModel.php on line 19.
 1 APPPATH/Controllers/ProduitsControleur.php(10): App\Models\ProduitsModel->__construct()
 2 SYSTEMPATH/CodeIgniter.php(933): App\Controllers\ProduitsControleur->index()
 3 SYSTEMPATH/CodeIgniter.php(509): CodeIgniter\CodeIgniter->runController(Object(App\Controllers\ProduitsControleur))
 4 SYSTEMPATH/CodeIgniter.php(355): CodeIgniter\CodeIgniter->handleRequest(null, Object(Config\Cache), false)
 5 SYSTEMPATH/Boot.php(325): CodeIgniter\CodeIgniter->run()
 6 SYSTEMPATH/Boot.php(67): CodeIgniter\Boot::runCodeIgniter(Object(CodeIgniter\CodeIgniter))
 7 FCPATH/index.php(56): CodeIgniter\Boot::bootWeb(Object(Config\Paths))
 8 SYSTEMPATH/rewrite.php(44): require_once('/di/codeigniter/lc222516/GestionProduits/public/index.php')
WARNING - 2024-09-26 12:05:15 --> [DEPRECATED] Creation of dynamic property App\Models\ProduitsModel::$forge is deprecated in APPPATH/Models/ProduitsModel.php on line 19.
 1 APPPATH/Controllers/ProduitsControleur.php(10): App\Models\ProduitsModel->__construct()
 2 SYSTEMPATH/CodeIgniter.php(933): App\Controllers\ProduitsControleur->index()
 3 SYSTEMPATH/CodeIgniter.php(509): CodeIgniter\CodeIgniter->runController(Object(App\Controllers\ProduitsControleur))
 4 SYSTEMPATH/CodeIgniter.php(355): CodeIgniter\CodeIgniter->handleRequest(null, Object(Config\Cache), false)
 5 SYSTEMPATH/Boot.php(325): CodeIgniter\CodeIgniter->run()
 6 SYSTEMPATH/Boot.php(67): CodeIgniter\Boot::runCodeIgniter(Object(CodeIgniter\CodeIgniter))
 7 FCPATH/index.php(56): CodeIgniter\Boot::bootWeb(Object(Config\Paths))
 8 SYSTEMPATH/rewrite.php(44): require_once('/di/codeigniter/lc222516/GestionProduits/public/index.php')
WARNING - 2024-09-26 12:05:19 --> [DEPRECATED] Creation of dynamic property App\Models\ProduitsModel::$forge is deprecated in APPPATH/Models/ProduitsModel.php on line 19.
 1 APPPATH/Controllers/ProduitsControleur.php(10): App\Models\ProduitsModel->__construct()
 2 SYSTEMPATH/CodeIgniter.php(933): App\Controllers\ProduitsControleur->index()
 3 SYSTEMPATH/CodeIgniter.php(509): CodeIgniter\CodeIgniter->runController(Object(App\Controllers\ProduitsControleur))
 4 SYSTEMPATH/CodeIgniter.php(355): CodeIgniter\CodeIgniter->handleRequest(null, Object(Config\Cache), false)
 5 SYSTEMPATH/Boot.php(325): CodeIgniter\CodeIgniter->run()
 6 SYSTEMPATH/Boot.php(67): CodeIgniter\Boot::runCodeIgniter(Object(CodeIgniter\CodeIgniter))
 7 FCPATH/index.php(56): CodeIgniter\Boot::bootWeb(Object(Config\Paths))
 8 SYSTEMPATH/rewrite.php(44): require_once('/di/codeigniter/lc222516/GestionProduits/public/index.php')
WARNING - 2024-09-26 12:05:22 --> [DEPRECATED] Creation of dynamic property App\Models\ProduitsModel::$forge is deprecated in APPPATH/Models/ProduitsModel.php on line 19.
 1 APPPATH/Controllers/ProduitsControleur.php(10): App\Models\ProduitsModel->__construct()
 2 SYSTEMPATH/CodeIgniter.php(933): App\Controllers\ProduitsControleur->index()
 3 SYSTEMPATH/CodeIgniter.php(509): CodeIgniter\CodeIgniter->runController(Object(App\Controllers\ProduitsControleur))
 4 SYSTEMPATH/CodeIgniter.php(355): CodeIgniter\CodeIgniter->handleRequest(null, Object(Config\Cache), false)
 5 SYSTEMPATH/Boot.php(325): CodeIgniter\CodeIgniter->run()
 6 SYSTEMPATH/Boot.php(67): CodeIgniter\Boot::runCodeIgniter(Object(CodeIgniter\CodeIgniter))
 7 FCPATH/index.php(56): CodeIgniter\Boot::bootWeb(Object(Config\Paths))
 8 SYSTEMPATH/rewrite.php(44): require_once('/di/codeigniter/lc222516/GestionProduits/public/index.php')
WARNING - 2024-09-26 12:08:37 --> [DEPRECATED] Creation of dynamic property App\Models\ProduitsModel::$forge is deprecated in APPPATH/Models/ProduitsModel.php on line 19.
 1 APPPATH/Controllers/ProduitsControleur.php(10): App\Models\ProduitsModel->__construct()
 2 SYSTEMPATH/CodeIgniter.php(933): App\Controllers\ProduitsControleur->index()
 3 SYSTEMPATH/CodeIgniter.php(509): CodeIgniter\CodeIgniter->runController(Object(App\Controllers\ProduitsControleur))
 4 SYSTEMPATH/CodeIgniter.php(355): CodeIgniter\CodeIgniter->handleRequest(null, Object(Config\Cache), false)
 5 SYSTEMPATH/Boot.php(325): CodeIgniter\CodeIgniter->run()
 6 SYSTEMPATH/Boot.php(67): CodeIgniter\Boot::runCodeIgniter(Object(CodeIgniter\CodeIgniter))
 7 FCPATH/index.php(56): CodeIgniter\Boot::bootWeb(Object(Config\Paths))
 8 SYSTEMPATH/rewrite.php(44): require_once('/di/codeigniter/lc222516/GestionProduits/public/index.php')
WARNING - 2024-09-26 12:08:48 --> [DEPRECATED] Creation of dynamic property App\Models\ProduitsModel::$forge is deprecated in APPPATH/Models/ProduitsModel.php on line 19.
 1 APPPATH/Controllers/ProduitsControleur.php(10): App\Models\ProduitsModel->__construct()
 2 SYSTEMPATH/CodeIgniter.php(933): App\Controllers\ProduitsControleur->index()
 3 SYSTEMPATH/CodeIgniter.php(509): CodeIgniter\CodeIgniter->runController(Object(App\Controllers\ProduitsControleur))
 4 SYSTEMPATH/CodeIgniter.php(355): CodeIgniter\CodeIgniter->handleRequest(null, Object(Config\Cache), false)
 5 SYSTEMPATH/Boot.php(325): CodeIgniter\CodeIgniter->run()
 6 SYSTEMPATH/Boot.php(67): CodeIgniter\Boot::runCodeIgniter(Object(CodeIgniter\CodeIgniter))
 7 FCPATH/index.php(56): CodeIgniter\Boot::bootWeb(Object(Config\Paths))
 8 SYSTEMPATH/rewrite.php(44): require_once('/di/codeigniter/lc222516/GestionProduits/public/index.php')
WARNING - 2024-09-26 12:11:50 --> [DEPRECATED] Creation of dynamic property App\Models\ProduitsModel::$forge is deprecated in APPPATH/Models/ProduitsModel.php on line 19.
 1 APPPATH/Controllers/ProduitsControleur.php(10): App\Models\ProduitsModel->__construct()
 2 SYSTEMPATH/CodeIgniter.php(933): App\Controllers\ProduitsControleur->index()
 3 SYSTEMPATH/CodeIgniter.php(509): CodeIgniter\CodeIgniter->runController(Object(App\Controllers\ProduitsControleur))
 4 SYSTEMPATH/CodeIgniter.php(355): CodeIgniter\CodeIgniter->handleRequest(null, Object(Config\Cache), false)
 5 SYSTEMPATH/Boot.php(325): CodeIgniter\CodeIgniter->run()
 6 SYSTEMPATH/Boot.php(67): CodeIgniter\Boot::runCodeIgniter(Object(CodeIgniter\CodeIgniter))
 7 FCPATH/index.php(56): CodeIgniter\Boot::bootWeb(Object(Config\Paths))
 8 SYSTEMPATH/rewrite.php(44): require_once('/di/codeigniter/lc222516/GestionProduits/public/index.php')
CRITICAL - 2024-09-26 12:11:51 --> Error: Call to undefined function form_open()
[Method: GET, Route: produit/nouveau]
in APPPATH/Views/ajout_produit.php on line 35.
 1 SYSTEMPATH/View/View.php(234): include()
 2 SYSTEMPATH/View/View.php(237): CodeIgniter\View\View->CodeIgniter\View\{closure}()
 3 SYSTEMPATH/Common.php(1169): CodeIgniter\View\View->render()
 4 APPPATH/Controllers/ProduitsControleur.php(39): view()
 5 SYSTEMPATH/CodeIgniter.php(933): App\Controllers\ProduitsControleur->nouveau()
 6 SYSTEMPATH/CodeIgniter.php(509): CodeIgniter\CodeIgniter->runController()
 7 SYSTEMPATH/CodeIgniter.php(355): CodeIgniter\CodeIgniter->handleRequest()
 8 SYSTEMPATH/Boot.php(325): CodeIgniter\CodeIgniter->run()
 9 SYSTEMPATH/Boot.php(67): CodeIgniter\Boot::runCodeIgniter()
10 FCPATH/index.php(56): CodeIgniter\Boot::bootWeb()
11 SYSTEMPATH/rewrite.php(44): require_once('/di/codeigniter/lc222516/GestionProduits/public/index.php')
WARNING - 2024-09-26 12:11:56 --> [DEPRECATED] Creation of dynamic property App\Models\ProduitsModel::$forge is deprecated in APPPATH/Models/ProduitsModel.php on line 19.
 1 APPPATH/Controllers/ProduitsControleur.php(10): App\Models\ProduitsModel->__construct()
 2 SYSTEMPATH/CodeIgniter.php(933): App\Controllers\ProduitsControleur->index()
 3 SYSTEMPATH/CodeIgniter.php(509): CodeIgniter\CodeIgniter->runController(Object(App\Controllers\ProduitsControleur))
 4 SYSTEMPATH/CodeIgniter.php(355): CodeIgniter\CodeIgniter->handleRequest(null, Object(Config\Cache), false)
 5 SYSTEMPATH/Boot.php(325): CodeIgniter\CodeIgniter->run()
 6 SYSTEMPATH/Boot.php(67): CodeIgniter\Boot::runCodeIgniter(Object(CodeIgniter\CodeIgniter))
 7 FCPATH/index.php(56): CodeIgniter\Boot::bootWeb(Object(Config\Paths))
 8 SYSTEMPATH/rewrite.php(44): require_once('/di/codeigniter/lc222516/GestionProduits/public/index.php')
WARNING - 2024-09-26 12:13:01 --> [DEPRECATED] Creation of dynamic property App\Models\ProduitsModel::$forge is deprecated in APPPATH/Models/ProduitsModel.php on line 19.
 1 APPPATH/Controllers/ProduitsControleur.php(10): App\Models\ProduitsModel->__construct()
 2 SYSTEMPATH/CodeIgniter.php(933): App\Controllers\ProduitsControleur->index()
 3 SYSTEMPATH/CodeIgniter.php(509): CodeIgniter\CodeIgniter->runController(Object(App\Controllers\ProduitsControleur))
 4 SYSTEMPATH/CodeIgniter.php(355): CodeIgniter\CodeIgniter->handleRequest(null, Object(Config\Cache), false)
 5 SYSTEMPATH/Boot.php(325): CodeIgniter\CodeIgniter->run()
 6 SYSTEMPATH/Boot.php(67): CodeIgniter\Boot::runCodeIgniter(Object(CodeIgniter\CodeIgniter))
 7 FCPATH/index.php(56): CodeIgniter\Boot::bootWeb(Object(Config\Paths))
 8 SYSTEMPATH/rewrite.php(44): require_once('/di/codeigniter/lc222516/GestionProduits/public/index.php')
CRITICAL - 2024-09-26 12:13:01 --> Error: Call to undefined function form_open()
[Method: GET, Route: produit/nouveau]
in APPPATH/Views/ajout_produit.php on line 35.
 1 SYSTEMPATH/View/View.php(234): include()
 2 SYSTEMPATH/View/View.php(237): CodeIgniter\View\View->CodeIgniter\View\{closure}()
 3 SYSTEMPATH/Common.php(1169): CodeIgniter\View\View->render()
 4 APPPATH/Controllers/ProduitsControleur.php(56): view()
 5 SYSTEMPATH/CodeIgniter.php(933): App\Controllers\ProduitsControleur->nouveau()
 6 SYSTEMPATH/CodeIgniter.php(509): CodeIgniter\CodeIgniter->runController()
 7 SYSTEMPATH/CodeIgniter.php(355): CodeIgniter\CodeIgniter->handleRequest()
 8 SYSTEMPATH/Boot.php(325): CodeIgniter\CodeIgniter->run()
 9 SYSTEMPATH/Boot.php(67): CodeIgniter\Boot::runCodeIgniter()
10 FCPATH/index.php(56): CodeIgniter\Boot::bootWeb()
11 SYSTEMPATH/rewrite.php(44): require_once('/di/codeigniter/lc222516/GestionProduits/public/index.php')
WARNING - 2024-09-26 12:13:33 --> [DEPRECATED] Creation of dynamic property App\Models\ProduitsModel::$forge is deprecated in APPPATH/Models/ProduitsModel.php on line 19.
 1 APPPATH/Controllers/ProduitsControleur.php(10): App\Models\ProduitsModel->__construct()
 2 SYSTEMPATH/CodeIgniter.php(933): App\Controllers\ProduitsControleur->index()
 3 SYSTEMPATH/CodeIgniter.php(509): CodeIgniter\CodeIgniter->runController(Object(App\Controllers\ProduitsControleur))
 4 SYSTEMPATH/CodeIgniter.php(355): CodeIgniter\CodeIgniter->handleRequest(null, Object(Config\Cache), false)
 5 SYSTEMPATH/Boot.php(325): CodeIgniter\CodeIgniter->run()
 6 SYSTEMPATH/Boot.php(67): CodeIgniter\Boot::runCodeIgniter(Object(CodeIgniter\CodeIgniter))
 7 FCPATH/index.php(56): CodeIgniter\Boot::bootWeb(Object(Config\Paths))
 8 SYSTEMPATH/rewrite.php(44): require_once('/di/codeigniter/lc222516/GestionProduits/public/index.php')
CRITICAL - 2024-09-26 12:13:48 --> Error: Call to undefined function form_open()
[Method: GET, Route: produit/nouveau]
in APPPATH/Views/ajout_produit.php on line 35.
 1 SYSTEMPATH/View/View.php(234): include()
 2 SYSTEMPATH/View/View.php(237): CodeIgniter\View\View->CodeIgniter\View\{closure}()
 3 SYSTEMPATH/Common.php(1169): CodeIgniter\View\View->render()
 4 APPPATH/Controllers/ProduitsControleur.php(59): view()
 5 SYSTEMPATH/CodeIgniter.php(933): App\Controllers\ProduitsControleur->nouveau()
 6 SYSTEMPATH/CodeIgniter.php(509): CodeIgniter\CodeIgniter->runController()
 7 SYSTEMPATH/CodeIgniter.php(355): CodeIgniter\CodeIgniter->handleRequest()
 8 SYSTEMPATH/Boot.php(325): CodeIgniter\CodeIgniter->run()
 9 SYSTEMPATH/Boot.php(67): CodeIgniter\Boot::runCodeIgniter()
10 FCPATH/index.php(56): CodeIgniter\Boot::bootWeb()
11 SYSTEMPATH/rewrite.php(44): require_once('/di/codeigniter/lc222516/GestionProduits/public/index.php')
WARNING - 2024-09-26 12:14:36 --> [DEPRECATED] Creation of dynamic property App\Models\ProduitsModel::$forge is deprecated in APPPATH/Models/ProduitsModel.php on line 19.
 1 APPPATH/Controllers/ProduitsControleur.php(15): App\Models\ProduitsModel->__construct()
 2 SYSTEMPATH/CodeIgniter.php(933): App\Controllers\ProduitsControleur->index()
 3 SYSTEMPATH/CodeIgniter.php(509): CodeIgniter\CodeIgniter->runController(Object(App\Controllers\ProduitsControleur))
 4 SYSTEMPATH/CodeIgniter.php(355): CodeIgniter\CodeIgniter->handleRequest(null, Object(Config\Cache), false)
 5 SYSTEMPATH/Boot.php(325): CodeIgniter\CodeIgniter->run()
 6 SYSTEMPATH/Boot.php(67): CodeIgniter\Boot::runCodeIgniter(Object(CodeIgniter\CodeIgniter))
 7 FCPATH/index.php(56): CodeIgniter\Boot::bootWeb(Object(Config\Paths))
 8 SYSTEMPATH/rewrite.php(44): require_once('/di/codeigniter/lc222516/GestionProduits/public/index.php')
INFO - 2024-09-26 12:14:37 --> Session: Class initialized using 'CodeIgniter\Session\Handlers\FileHandler' driver.
INFO - 2024-09-26 12:14:49 --> Session: Class initialized using 'CodeIgniter\Session\Handlers\FileHandler' driver.
WARNING - 2024-09-26 12:14:49 --> [DEPRECATED] Creation of dynamic property App\Models\ProduitsModel::$forge is deprecated in APPPATH/Models/ProduitsModel.php on line 19.
 1 APPPATH/Controllers/ProduitsControleur.php(15): App\Models\ProduitsModel->__construct()
 2 SYSTEMPATH/CodeIgniter.php(933): App\Controllers\ProduitsControleur->index()
 3 SYSTEMPATH/CodeIgniter.php(509): CodeIgniter\CodeIgniter->runController(Object(App\Controllers\ProduitsControleur))
 4 SYSTEMPATH/CodeIgniter.php(355): CodeIgniter\CodeIgniter->handleRequest(null, Object(Config\Cache), false)
 5 SYSTEMPATH/Boot.php(325): CodeIgniter\CodeIgniter->run()
 6 SYSTEMPATH/Boot.php(67): CodeIgniter\Boot::runCodeIgniter(Object(CodeIgniter\CodeIgniter))
 7 FCPATH/index.php(56): CodeIgniter\Boot::bootWeb(Object(Config\Paths))
 8 SYSTEMPATH/rewrite.php(44): require_once('/di/codeigniter/lc222516/GestionProduits/public/index.php')
WARNING - 2024-09-26 12:16:45 --> [DEPRECATED] Creation of dynamic property App\Models\ProduitsModel::$forge is deprecated in APPPATH/Models/ProduitsModel.php on line 19.
 1 APPPATH/Controllers/ProduitsControleur.php(15): App\Models\ProduitsModel->__construct()
 2 SYSTEMPATH/CodeIgniter.php(933): App\Controllers\ProduitsControleur->index()
 3 SYSTEMPATH/CodeIgniter.php(509): CodeIgniter\CodeIgniter->runController(Object(App\Controllers\ProduitsControleur))
 4 SYSTEMPATH/CodeIgniter.php(355): CodeIgniter\CodeIgniter->handleRequest(null, Object(Config\Cache), false)
 5 SYSTEMPATH/Boot.php(325): CodeIgniter\CodeIgniter->run()
 6 SYSTEMPATH/Boot.php(67): CodeIgniter\Boot::runCodeIgniter(Object(CodeIgniter\CodeIgniter))
 7 FCPATH/index.php(56): CodeIgniter\Boot::bootWeb(Object(Config\Paths))
 8 SYSTEMPATH/rewrite.php(44): require_once('/di/codeigniter/lc222516/GestionProduits/public/index.php')
WARNING - 2024-09-26 12:16:49 --> [DEPRECATED] Creation of dynamic property App\Models\ProduitsModel::$forge is deprecated in APPPATH/Models/ProduitsModel.php on line 19.
 1 APPPATH/Controllers/ProduitsControleur.php(15): App\Models\ProduitsModel->__construct()
 2 SYSTEMPATH/CodeIgniter.php(933): App\Controllers\ProduitsControleur->index()
 3 SYSTEMPATH/CodeIgniter.php(509): CodeIgniter\CodeIgniter->runController(Object(App\Controllers\ProduitsControleur))
 4 SYSTEMPATH/CodeIgniter.php(355): CodeIgniter\CodeIgniter->handleRequest(null, Object(Config\Cache), false)
 5 SYSTEMPATH/Boot.php(325): CodeIgniter\CodeIgniter->run()
 6 SYSTEMPATH/Boot.php(67): CodeIgniter\Boot::runCodeIgniter(Object(CodeIgniter\CodeIgniter))
 7 FCPATH/index.php(56): CodeIgniter\Boot::bootWeb(Object(Config\Paths))
 8 SYSTEMPATH/rewrite.php(44): require_once('/di/codeigniter/lc222516/GestionProduits/public/index.php')
WARNING - 2024-09-26 12:17:06 --> [DEPRECATED] Creation of dynamic property App\Models\ProduitsModel::$forge is deprecated in APPPATH/Models/ProduitsModel.php on line 19.
 1 APPPATH/Controllers/ProduitsControleur.php(15): App\Models\ProduitsModel->__construct()
 2 SYSTEMPATH/CodeIgniter.php(933): App\Controllers\ProduitsControleur->index()
 3 SYSTEMPATH/CodeIgniter.php(509): CodeIgniter\CodeIgniter->runController(Object(App\Controllers\ProduitsControleur))
 4 SYSTEMPATH/CodeIgniter.php(355): CodeIgniter\CodeIgniter->handleRequest(null, Object(Config\Cache), false)
 5 SYSTEMPATH/Boot.php(325): CodeIgniter\CodeIgniter->run()
 6 SYSTEMPATH/Boot.php(67): CodeIgniter\Boot::runCodeIgniter(Object(CodeIgniter\CodeIgniter))
 7 FCPATH/index.php(56): CodeIgniter\Boot::bootWeb(Object(Config\Paths))
 8 SYSTEMPATH/rewrite.php(44): require_once('/di/codeigniter/lc222516/GestionProduits/public/index.php')
WARNING - 2024-09-26 13:19:27 --> [DEPRECATED] Creation of dynamic property App\Models\ProduitsModel::$forge is deprecated in APPPATH/Models/ProduitsModel.php on line 19.
 1 APPPATH/Controllers/ProduitsControleur.php(15): App\Models\ProduitsModel->__construct()
 2 SYSTEMPATH/CodeIgniter.php(933): App\Controllers\ProduitsControleur->index()
 3 SYSTEMPATH/CodeIgniter.php(509): CodeIgniter\CodeIgniter->runController(Object(App\Controllers\ProduitsControleur))
 4 SYSTEMPATH/CodeIgniter.php(355): CodeIgniter\CodeIgniter->handleRequest(null, Object(Config\Cache), false)
 5 SYSTEMPATH/Boot.php(325): CodeIgniter\CodeIgniter->run()
 6 SYSTEMPATH/Boot.php(67): CodeIgniter\Boot::runCodeIgniter(Object(CodeIgniter\CodeIgniter))
 7 FCPATH/index.php(56): CodeIgniter\Boot::bootWeb(Object(Config\Paths))
 8 SYSTEMPATH/rewrite.php(44): require_once('/di/codeigniter/lc222516/GestionProduits/public/index.php')
