WARNING - 2024-10-17 11:54:34 --> [DEPRECATED] Creation of dynamic property App\Models\ProduitsModel::$forge is deprecated in APPPATH/Models/ProduitsModel.php on line 19.
 1 APPPATH/Controllers/ProduitsControleur.php(15): App\Models\ProduitsModel->__construct()
 2 SYSTEMPATH/CodeIgniter.php(933): App\Controllers\ProduitsControleur->index()
 3 SYSTEMPATH/CodeIgniter.php(509): CodeIgniter\CodeIgniter->runController(Object(App\Controllers\ProduitsControleur))
 4 SYSTEMPATH/CodeIgniter.php(355): CodeIgniter\CodeIgniter->handleRequest(null, Object(Config\Cache), false)
 5 SYSTEMPATH/Boot.php(325): CodeIgniter\CodeIgniter->run()
 6 SYSTEMPATH/Boot.php(67): CodeIgniter\Boot::runCodeIgniter(Object(CodeIgniter\CodeIgniter))
 7 FCPATH/index.php(56): CodeIgniter\Boot::bootWeb(Object(Config\Paths))
 8 SYSTEMPATH/rewrite.php(44): require_once('/di/codeigniter/lc222516/GestionProduits/public/index.php')
WARNING - 2024-10-17 12:10:06 --> [DEPRECATED] Creation of dynamic property App\Models\ProduitsModel::$forge is deprecated in APPPATH/Models/ProduitsModel.php on line 19.
 1 APPPATH/Controllers/ProduitsControleur.php(15): App\Models\ProduitsModel->__construct()
 2 SYSTEMPATH/CodeIgniter.php(933): App\Controllers\ProduitsControleur->index()
 3 SYSTEMPATH/CodeIgniter.php(509): CodeIgniter\CodeIgniter->runController(Object(App\Controllers\ProduitsControleur))
 4 SYSTEMPATH/CodeIgniter.php(355): CodeIgniter\CodeIgniter->handleRequest(null, Object(Config\Cache), false)
 5 SYSTEMPATH/Boot.php(325): CodeIgniter\CodeIgniter->run()
 6 SYSTEMPATH/Boot.php(67): CodeIgniter\Boot::runCodeIgniter(Object(CodeIgniter\CodeIgniter))
 7 FCPATH/index.php(56): CodeIgniter\Boot::bootWeb(Object(Config\Paths))
 8 SYSTEMPATH/rewrite.php(44): require_once('/di/codeigniter/lc222516/GestionProduits/public/index.php')
WARNING - 2024-10-17 12:11:07 --> [DEPRECATED] Creation of dynamic property App\Models\ProduitsModel::$forge is deprecated in APPPATH/Models/ProduitsModel.php on line 19.
 1 APPPATH/Controllers/ProduitsControleur.php(15): App\Models\ProduitsModel->__construct()
 2 SYSTEMPATH/CodeIgniter.php(933): App\Controllers\ProduitsControleur->index()
 3 SYSTEMPATH/CodeIgniter.php(509): CodeIgniter\CodeIgniter->runController(Object(App\Controllers\ProduitsControleur))
 4 SYSTEMPATH/CodeIgniter.php(355): CodeIgniter\CodeIgniter->handleRequest(null, Object(Config\Cache), false)
 5 SYSTEMPATH/Boot.php(325): CodeIgniter\CodeIgniter->run()
 6 SYSTEMPATH/Boot.php(67): CodeIgniter\Boot::runCodeIgniter(Object(CodeIgniter\CodeIgniter))
 7 FCPATH/index.php(56): CodeIgniter\Boot::bootWeb(Object(Config\Paths))
 8 SYSTEMPATH/rewrite.php(44): require_once('/di/codeigniter/lc222516/GestionProduits/public/index.php')
WARNING - 2024-10-17 12:11:09 --> [DEPRECATED] Creation of dynamic property App\Models\ProduitsModel::$forge is deprecated in APPPATH/Models/ProduitsModel.php on line 19.
 1 APPPATH/Controllers/ProduitsControleur.php(15): App\Models\ProduitsModel->__construct()
 2 SYSTEMPATH/CodeIgniter.php(933): App\Controllers\ProduitsControleur->index()
 3 SYSTEMPATH/CodeIgniter.php(509): CodeIgniter\CodeIgniter->runController(Object(App\Controllers\ProduitsControleur))
 4 SYSTEMPATH/CodeIgniter.php(355): CodeIgniter\CodeIgniter->handleRequest(null, Object(Config\Cache), false)
 5 SYSTEMPATH/Boot.php(325): CodeIgniter\CodeIgniter->run()
 6 SYSTEMPATH/Boot.php(67): CodeIgniter\Boot::runCodeIgniter(Object(CodeIgniter\CodeIgniter))
 7 FCPATH/index.php(56): CodeIgniter\Boot::bootWeb(Object(Config\Paths))
 8 SYSTEMPATH/rewrite.php(44): require_once('/di/codeigniter/lc222516/GestionProduits/public/index.php')
WARNING - 2024-10-17 13:03:15 --> [DEPRECATED] Creation of dynamic property App\Models\ProduitsModel::$forge is deprecated in APPPATH/Models/ProduitsModel.php on line 19.
 1 APPPATH/Controllers/ProduitsControleur.php(15): App\Models\ProduitsModel->__construct()
 2 SYSTEMPATH/CodeIgniter.php(933): App\Controllers\ProduitsControleur->index()
 3 SYSTEMPATH/CodeIgniter.php(509): CodeIgniter\CodeIgniter->runController(Object(App\Controllers\ProduitsControleur))
 4 SYSTEMPATH/CodeIgniter.php(355): CodeIgniter\CodeIgniter->handleRequest(null, Object(Config\Cache), false)
 5 SYSTEMPATH/Boot.php(325): CodeIgniter\CodeIgniter->run()
 6 SYSTEMPATH/Boot.php(67): CodeIgniter\Boot::runCodeIgniter(Object(CodeIgniter\CodeIgniter))
 7 FCPATH/index.php(56): CodeIgniter\Boot::bootWeb(Object(Config\Paths))
 8 SYSTEMPATH/rewrite.php(44): require_once('/di/codeigniter/lc222516/GestionProduits/public/index.php')
WARNING - 2024-10-17 13:03:45 --> [DEPRECATED] Creation of dynamic property App\Models\ProduitsModel::$forge is deprecated in APPPATH/Models/ProduitsModel.php on line 19.
 1 APPPATH/Controllers/ProduitsControleur.php(15): App\Models\ProduitsModel->__construct()
 2 SYSTEMPATH/CodeIgniter.php(933): App\Controllers\ProduitsControleur->index()
 3 SYSTEMPATH/CodeIgniter.php(509): CodeIgniter\CodeIgniter->runController(Object(App\Controllers\ProduitsControleur))
 4 SYSTEMPATH/CodeIgniter.php(355): CodeIgniter\CodeIgniter->handleRequest(null, Object(Config\Cache), false)
 5 SYSTEMPATH/Boot.php(325): CodeIgniter\CodeIgniter->run()
 6 SYSTEMPATH/Boot.php(67): CodeIgniter\Boot::runCodeIgniter(Object(CodeIgniter\CodeIgniter))
 7 FCPATH/index.php(56): CodeIgniter\Boot::bootWeb(Object(Config\Paths))
 8 SYSTEMPATH/rewrite.php(44): require_once('/di/codeigniter/lc222516/GestionProduits/public/index.php')
WARNING - 2024-10-17 13:09:48 --> [DEPRECATED] Creation of dynamic property App\Models\ProduitsModel::$forge is deprecated in APPPATH/Models/ProduitsModel.php on line 19.
 1 APPPATH/Controllers/ProduitsControleur.php(15): App\Models\ProduitsModel->__construct()
 2 SYSTEMPATH/CodeIgniter.php(933): App\Controllers\ProduitsControleur->index()
 3 SYSTEMPATH/CodeIgniter.php(509): CodeIgniter\CodeIgniter->runController(Object(App\Controllers\ProduitsControleur))
 4 SYSTEMPATH/CodeIgniter.php(355): CodeIgniter\CodeIgniter->handleRequest(null, Object(Config\Cache), false)
 5 SYSTEMPATH/Boot.php(325): CodeIgniter\CodeIgniter->run()
 6 SYSTEMPATH/Boot.php(67): CodeIgniter\Boot::runCodeIgniter(Object(CodeIgniter\CodeIgniter))
 7 FCPATH/index.php(56): CodeIgniter\Boot::bootWeb(Object(Config\Paths))
 8 SYSTEMPATH/rewrite.php(44): require_once('/di/codeigniter/lc222516/GestionProduits/public/index.php')
WARNING - 2024-10-17 13:09:50 --> [DEPRECATED] Creation of dynamic property App\Models\ProduitsModel::$forge is deprecated in APPPATH/Models/ProduitsModel.php on line 19.
 1 APPPATH/Controllers/ProduitsControleur.php(15): App\Models\ProduitsModel->__construct()
 2 SYSTEMPATH/CodeIgniter.php(933): App\Controllers\ProduitsControleur->index()
 3 SYSTEMPATH/CodeIgniter.php(509): CodeIgniter\CodeIgniter->runController(Object(App\Controllers\ProduitsControleur))
 4 SYSTEMPATH/CodeIgniter.php(355): CodeIgniter\CodeIgniter->handleRequest(null, Object(Config\Cache), false)
 5 SYSTEMPATH/Boot.php(325): CodeIgniter\CodeIgniter->run()
 6 SYSTEMPATH/Boot.php(67): CodeIgniter\Boot::runCodeIgniter(Object(CodeIgniter\CodeIgniter))
 7 FCPATH/index.php(56): CodeIgniter\Boot::bootWeb(Object(Config\Paths))
 8 SYSTEMPATH/rewrite.php(44): require_once('/di/codeigniter/lc222516/GestionProduits/public/index.php')
WARNING - 2024-10-17 13:10:30 --> [DEPRECATED] Creation of dynamic property App\Models\ProduitsModel::$forge is deprecated in APPPATH/Models/ProduitsModel.php on line 19.
 1 APPPATH/Controllers/ProduitsControleur.php(15): App\Models\ProduitsModel->__construct()
 2 SYSTEMPATH/CodeIgniter.php(933): App\Controllers\ProduitsControleur->index()
 3 SYSTEMPATH/CodeIgniter.php(509): CodeIgniter\CodeIgniter->runController(Object(App\Controllers\ProduitsControleur))
 4 SYSTEMPATH/CodeIgniter.php(355): CodeIgniter\CodeIgniter->handleRequest(null, Object(Config\Cache), false)
 5 SYSTEMPATH/Boot.php(325): CodeIgniter\CodeIgniter->run()
 6 SYSTEMPATH/Boot.php(67): CodeIgniter\Boot::runCodeIgniter(Object(CodeIgniter\CodeIgniter))
 7 FCPATH/index.php(56): CodeIgniter\Boot::bootWeb(Object(Config\Paths))
 8 SYSTEMPATH/rewrite.php(44): require_once('/di/codeigniter/lc222516/GestionProduits/public/index.php')
WARNING - 2024-10-17 13:10:39 --> [DEPRECATED] Creation of dynamic property App\Models\ProduitsModel::$forge is deprecated in APPPATH/Models/ProduitsModel.php on line 19.
 1 APPPATH/Controllers/ProduitsControleur.php(15): App\Models\ProduitsModel->__construct()
 2 SYSTEMPATH/CodeIgniter.php(933): App\Controllers\ProduitsControleur->index()
 3 SYSTEMPATH/CodeIgniter.php(509): CodeIgniter\CodeIgniter->runController(Object(App\Controllers\ProduitsControleur))
 4 SYSTEMPATH/CodeIgniter.php(355): CodeIgniter\CodeIgniter->handleRequest(null, Object(Config\Cache), false)
 5 SYSTEMPATH/Boot.php(325): CodeIgniter\CodeIgniter->run()
 6 SYSTEMPATH/Boot.php(67): CodeIgniter\Boot::runCodeIgniter(Object(CodeIgniter\CodeIgniter))
 7 FCPATH/index.php(56): CodeIgniter\Boot::bootWeb(Object(Config\Paths))
 8 SYSTEMPATH/rewrite.php(44): require_once('/di/codeigniter/lc222516/GestionProduits/public/index.php')
WARNING - 2024-10-17 13:10:41 --> [DEPRECATED] Creation of dynamic property App\Models\ProduitsModel::$forge is deprecated in APPPATH/Models/ProduitsModel.php on line 19.
 1 APPPATH/Controllers/ProduitsControleur.php(15): App\Models\ProduitsModel->__construct()
 2 SYSTEMPATH/CodeIgniter.php(933): App\Controllers\ProduitsControleur->index()
 3 SYSTEMPATH/CodeIgniter.php(509): CodeIgniter\CodeIgniter->runController(Object(App\Controllers\ProduitsControleur))
 4 SYSTEMPATH/CodeIgniter.php(355): CodeIgniter\CodeIgniter->handleRequest(null, Object(Config\Cache), false)
 5 SYSTEMPATH/Boot.php(325): CodeIgniter\CodeIgniter->run()
 6 SYSTEMPATH/Boot.php(67): CodeIgniter\Boot::runCodeIgniter(Object(CodeIgniter\CodeIgniter))
 7 FCPATH/index.php(56): CodeIgniter\Boot::bootWeb(Object(Config\Paths))
 8 SYSTEMPATH/rewrite.php(44): require_once('/di/codeigniter/lc222516/GestionProduits/public/index.php')
WARNING - 2024-10-17 13:11:46 --> [DEPRECATED] Creation of dynamic property App\Models\ProduitsModel::$forge is deprecated in APPPATH/Models/ProduitsModel.php on line 19.
 1 APPPATH/Controllers/ProduitsControleur.php(118): App\Models\ProduitsModel->__construct()
 2 SYSTEMPATH/CodeIgniter.php(933): App\Controllers\ProduitsControleur->edition('test')
 3 SYSTEMPATH/CodeIgniter.php(509): CodeIgniter\CodeIgniter->runController(Object(App\Controllers\ProduitsControleur))
 4 SYSTEMPATH/CodeIgniter.php(355): CodeIgniter\CodeIgniter->handleRequest(null, Object(Config\Cache), false)
 5 SYSTEMPATH/Boot.php(325): CodeIgniter\CodeIgniter->run()
 6 SYSTEMPATH/Boot.php(67): CodeIgniter\Boot::runCodeIgniter(Object(CodeIgniter\CodeIgniter))
 7 FCPATH/index.php(56): CodeIgniter\Boot::bootWeb(Object(Config\Paths))
 8 SYSTEMPATH/rewrite.php(44): require_once('/di/codeigniter/lc222516/GestionProduits/public/index.php')
WARNING - 2024-10-17 13:11:52 --> [DEPRECATED] Creation of dynamic property App\Models\ProduitsModel::$forge is deprecated in APPPATH/Models/ProduitsModel.php on line 19.
 1 APPPATH/Controllers/ProduitsControleur.php(118): App\Models\ProduitsModel->__construct()
 2 SYSTEMPATH/CodeIgniter.php(933): App\Controllers\ProduitsControleur->edition('test')
 3 SYSTEMPATH/CodeIgniter.php(509): CodeIgniter\CodeIgniter->runController(Object(App\Controllers\ProduitsControleur))
 4 SYSTEMPATH/CodeIgniter.php(355): CodeIgniter\CodeIgniter->handleRequest(null, Object(Config\Cache), false)
 5 SYSTEMPATH/Boot.php(325): CodeIgniter\CodeIgniter->run()
 6 SYSTEMPATH/Boot.php(67): CodeIgniter\Boot::runCodeIgniter(Object(CodeIgniter\CodeIgniter))
 7 FCPATH/index.php(56): CodeIgniter\Boot::bootWeb(Object(Config\Paths))
 8 SYSTEMPATH/rewrite.php(44): require_once('/di/codeigniter/lc222516/GestionProduits/public/index.php')
WARNING - 2024-10-17 13:11:53 --> [DEPRECATED] Creation of dynamic property App\Models\ProduitsModel::$forge is deprecated in APPPATH/Models/ProduitsModel.php on line 19.
 1 APPPATH/Controllers/ProduitsControleur.php(15): App\Models\ProduitsModel->__construct()
 2 SYSTEMPATH/CodeIgniter.php(933): App\Controllers\ProduitsControleur->index()
 3 SYSTEMPATH/CodeIgniter.php(509): CodeIgniter\CodeIgniter->runController(Object(App\Controllers\ProduitsControleur))
 4 SYSTEMPATH/CodeIgniter.php(355): CodeIgniter\CodeIgniter->handleRequest(null, Object(Config\Cache), false)
 5 SYSTEMPATH/Boot.php(325): CodeIgniter\CodeIgniter->run()
 6 SYSTEMPATH/Boot.php(67): CodeIgniter\Boot::runCodeIgniter(Object(CodeIgniter\CodeIgniter))
 7 FCPATH/index.php(56): CodeIgniter\Boot::bootWeb(Object(Config\Paths))
 8 SYSTEMPATH/rewrite.php(44): require_once('/di/codeigniter/lc222516/GestionProduits/public/index.php')
WARNING - 2024-10-17 13:11:56 --> [DEPRECATED] Creation of dynamic property App\Models\ProduitsModel::$forge is deprecated in APPPATH/Models/ProduitsModel.php on line 19.
 1 APPPATH/Controllers/ProduitsControleur.php(118): App\Models\ProduitsModel->__construct()
 2 SYSTEMPATH/CodeIgniter.php(933): App\Controllers\ProduitsControleur->edition('test')
 3 SYSTEMPATH/CodeIgniter.php(509): CodeIgniter\CodeIgniter->runController(Object(App\Controllers\ProduitsControleur))
 4 SYSTEMPATH/CodeIgniter.php(355): CodeIgniter\CodeIgniter->handleRequest(null, Object(Config\Cache), false)
 5 SYSTEMPATH/Boot.php(325): CodeIgniter\CodeIgniter->run()
 6 SYSTEMPATH/Boot.php(67): CodeIgniter\Boot::runCodeIgniter(Object(CodeIgniter\CodeIgniter))
 7 FCPATH/index.php(56): CodeIgniter\Boot::bootWeb(Object(Config\Paths))
 8 SYSTEMPATH/rewrite.php(44): require_once('/di/codeigniter/lc222516/GestionProduits/public/index.php')
WARNING - 2024-10-17 13:12:01 --> [DEPRECATED] Creation of dynamic property App\Models\ProduitsModel::$forge is deprecated in APPPATH/Models/ProduitsModel.php on line 19.
 1 APPPATH/Controllers/ProduitsControleur.php(118): App\Models\ProduitsModel->__construct()
 2 SYSTEMPATH/CodeIgniter.php(933): App\Controllers\ProduitsControleur->edition('test')
 3 SYSTEMPATH/CodeIgniter.php(509): CodeIgniter\CodeIgniter->runController(Object(App\Controllers\ProduitsControleur))
 4 SYSTEMPATH/CodeIgniter.php(355): CodeIgniter\CodeIgniter->handleRequest(null, Object(Config\Cache), false)
 5 SYSTEMPATH/Boot.php(325): CodeIgniter\CodeIgniter->run()
 6 SYSTEMPATH/Boot.php(67): CodeIgniter\Boot::runCodeIgniter(Object(CodeIgniter\CodeIgniter))
 7 FCPATH/index.php(56): CodeIgniter\Boot::bootWeb(Object(Config\Paths))
 8 SYSTEMPATH/rewrite.php(44): require_once('/di/codeigniter/lc222516/GestionProduits/public/index.php')
WARNING - 2024-10-17 13:12:07 --> [DEPRECATED] Creation of dynamic property App\Models\ProduitsModel::$forge is deprecated in APPPATH/Models/ProduitsModel.php on line 19.
 1 APPPATH/Controllers/ProduitsControleur.php(15): App\Models\ProduitsModel->__construct()
 2 SYSTEMPATH/CodeIgniter.php(933): App\Controllers\ProduitsControleur->index()
 3 SYSTEMPATH/CodeIgniter.php(509): CodeIgniter\CodeIgniter->runController(Object(App\Controllers\ProduitsControleur))
 4 SYSTEMPATH/CodeIgniter.php(355): CodeIgniter\CodeIgniter->handleRequest(null, Object(Config\Cache), false)
 5 SYSTEMPATH/Boot.php(325): CodeIgniter\CodeIgniter->run()
 6 SYSTEMPATH/Boot.php(67): CodeIgniter\Boot::runCodeIgniter(Object(CodeIgniter\CodeIgniter))
 7 FCPATH/index.php(56): CodeIgniter\Boot::bootWeb(Object(Config\Paths))
 8 SYSTEMPATH/rewrite.php(44): require_once('/di/codeigniter/lc222516/GestionProduits/public/index.php')
WARNING - 2024-10-17 13:15:35 --> [DEPRECATED] Creation of dynamic property App\Models\ProduitsModel::$forge is deprecated in APPPATH/Models/ProduitsModel.php on line 19.
 1 APPPATH/Controllers/ProduitsControleur.php(15): App\Models\ProduitsModel->__construct()
 2 SYSTEMPATH/CodeIgniter.php(933): App\Controllers\ProduitsControleur->index()
 3 SYSTEMPATH/CodeIgniter.php(509): CodeIgniter\CodeIgniter->runController(Object(App\Controllers\ProduitsControleur))
 4 SYSTEMPATH/CodeIgniter.php(355): CodeIgniter\CodeIgniter->handleRequest(null, Object(Config\Cache), false)
 5 SYSTEMPATH/Boot.php(325): CodeIgniter\CodeIgniter->run()
 6 SYSTEMPATH/Boot.php(67): CodeIgniter\Boot::runCodeIgniter(Object(CodeIgniter\CodeIgniter))
 7 FCPATH/index.php(56): CodeIgniter\Boot::bootWeb(Object(Config\Paths))
 8 SYSTEMPATH/rewrite.php(44): require_once('/di/codeigniter/lc222516/GestionProduits/public/index.php')
WARNING - 2024-10-17 13:15:38 --> [DEPRECATED] Creation of dynamic property App\Models\ProduitsModel::$forge is deprecated in APPPATH/Models/ProduitsModel.php on line 19.
 1 APPPATH/Controllers/ProduitsControleur.php(15): App\Models\ProduitsModel->__construct()
 2 SYSTEMPATH/CodeIgniter.php(933): App\Controllers\ProduitsControleur->index()
 3 SYSTEMPATH/CodeIgniter.php(509): CodeIgniter\CodeIgniter->runController(Object(App\Controllers\ProduitsControleur))
 4 SYSTEMPATH/CodeIgniter.php(355): CodeIgniter\CodeIgniter->handleRequest(null, Object(Config\Cache), false)
 5 SYSTEMPATH/Boot.php(325): CodeIgniter\CodeIgniter->run()
 6 SYSTEMPATH/Boot.php(67): CodeIgniter\Boot::runCodeIgniter(Object(CodeIgniter\CodeIgniter))
 7 FCPATH/index.php(56): CodeIgniter\Boot::bootWeb(Object(Config\Paths))
 8 SYSTEMPATH/rewrite.php(44): require_once('/di/codeigniter/lc222516/GestionProduits/public/index.php')
WARNING - 2024-10-17 13:20:55 --> [DEPRECATED] Creation of dynamic property App\Models\ProduitsModel::$forge is deprecated in APPPATH/Models/ProduitsModel.php on line 19.
 1 APPPATH/Controllers/ProduitsControleur.php(118): App\Models\ProduitsModel->__construct()
 2 SYSTEMPATH/CodeIgniter.php(933): App\Controllers\ProduitsControleur->edition('test')
 3 SYSTEMPATH/CodeIgniter.php(509): CodeIgniter\CodeIgniter->runController(Object(App\Controllers\ProduitsControleur))
 4 SYSTEMPATH/CodeIgniter.php(355): CodeIgniter\CodeIgniter->handleRequest(null, Object(Config\Cache), false)
 5 SYSTEMPATH/Boot.php(325): CodeIgniter\CodeIgniter->run()
 6 SYSTEMPATH/Boot.php(67): CodeIgniter\Boot::runCodeIgniter(Object(CodeIgniter\CodeIgniter))
 7 FCPATH/index.php(56): CodeIgniter\Boot::bootWeb(Object(Config\Paths))
 8 SYSTEMPATH/rewrite.php(44): require_once('/di/codeigniter/lc222516/GestionProduits/public/index.php')
WARNING - 2024-10-17 13:20:59 --> [DEPRECATED] Creation of dynamic property App\Models\ProduitsModel::$forge is deprecated in APPPATH/Models/ProduitsModel.php on line 19.
 1 APPPATH/Controllers/ProduitsControleur.php(118): App\Models\ProduitsModel->__construct()
 2 SYSTEMPATH/CodeIgniter.php(933): App\Controllers\ProduitsControleur->edition('test')
 3 SYSTEMPATH/CodeIgniter.php(509): CodeIgniter\CodeIgniter->runController(Object(App\Controllers\ProduitsControleur))
 4 SYSTEMPATH/CodeIgniter.php(355): CodeIgniter\CodeIgniter->handleRequest(null, Object(Config\Cache), false)
 5 SYSTEMPATH/Boot.php(325): CodeIgniter\CodeIgniter->run()
 6 SYSTEMPATH/Boot.php(67): CodeIgniter\Boot::runCodeIgniter(Object(CodeIgniter\CodeIgniter))
 7 FCPATH/index.php(56): CodeIgniter\Boot::bootWeb(Object(Config\Paths))
 8 SYSTEMPATH/rewrite.php(44): require_once('/di/codeigniter/lc222516/GestionProduits/public/index.php')
WARNING - 2024-10-17 13:21:04 --> [DEPRECATED] Creation of dynamic property App\Models\ProduitsModel::$forge is deprecated in APPPATH/Models/ProduitsModel.php on line 19.
 1 APPPATH/Controllers/ProduitsControleur.php(15): App\Models\ProduitsModel->__construct()
 2 SYSTEMPATH/CodeIgniter.php(933): App\Controllers\ProduitsControleur->index()
 3 SYSTEMPATH/CodeIgniter.php(509): CodeIgniter\CodeIgniter->runController(Object(App\Controllers\ProduitsControleur))
 4 SYSTEMPATH/CodeIgniter.php(355): CodeIgniter\CodeIgniter->handleRequest(null, Object(Config\Cache), false)
 5 SYSTEMPATH/Boot.php(325): CodeIgniter\CodeIgniter->run()
 6 SYSTEMPATH/Boot.php(67): CodeIgniter\Boot::runCodeIgniter(Object(CodeIgniter\CodeIgniter))
 7 FCPATH/index.php(56): CodeIgniter\Boot::bootWeb(Object(Config\Paths))
 8 SYSTEMPATH/rewrite.php(44): require_once('/di/codeigniter/lc222516/GestionProduits/public/index.php')
WARNING - 2024-10-17 13:21:26 --> [DEPRECATED] Creation of dynamic property App\Models\ProduitsModel::$forge is deprecated in APPPATH/Models/ProduitsModel.php on line 19.
 1 APPPATH/Controllers/ProduitsControleur.php(15): App\Models\ProduitsModel->__construct()
 2 SYSTEMPATH/CodeIgniter.php(933): App\Controllers\ProduitsControleur->index()
 3 SYSTEMPATH/CodeIgniter.php(509): CodeIgniter\CodeIgniter->runController(Object(App\Controllers\ProduitsControleur))
 4 SYSTEMPATH/CodeIgniter.php(355): CodeIgniter\CodeIgniter->handleRequest(null, Object(Config\Cache), false)
 5 SYSTEMPATH/Boot.php(325): CodeIgniter\CodeIgniter->run()
 6 SYSTEMPATH/Boot.php(67): CodeIgniter\Boot::runCodeIgniter(Object(CodeIgniter\CodeIgniter))
 7 FCPATH/index.php(56): CodeIgniter\Boot::bootWeb(Object(Config\Paths))
 8 SYSTEMPATH/rewrite.php(44): require_once('/di/codeigniter/lc222516/GestionProduits/public/index.php')
WARNING - 2024-10-17 13:22:24 --> [DEPRECATED] Creation of dynamic property App\Models\ProduitsModel::$forge is deprecated in APPPATH/Models/ProduitsModel.php on line 19.
 1 APPPATH/Controllers/ProduitsControleur.php(15): App\Models\ProduitsModel->__construct()
 2 SYSTEMPATH/CodeIgniter.php(933): App\Controllers\ProduitsControleur->index()
 3 SYSTEMPATH/CodeIgniter.php(509): CodeIgniter\CodeIgniter->runController(Object(App\Controllers\ProduitsControleur))
 4 SYSTEMPATH/CodeIgniter.php(355): CodeIgniter\CodeIgniter->handleRequest(null, Object(Config\Cache), false)
 5 SYSTEMPATH/Boot.php(325): CodeIgniter\CodeIgniter->run()
 6 SYSTEMPATH/Boot.php(67): CodeIgniter\Boot::runCodeIgniter(Object(CodeIgniter\CodeIgniter))
 7 FCPATH/index.php(56): CodeIgniter\Boot::bootWeb(Object(Config\Paths))
 8 SYSTEMPATH/rewrite.php(44): require_once('/di/codeigniter/lc222516/GestionProduits/public/index.php')
WARNING - 2024-10-17 13:23:06 --> [DEPRECATED] Creation of dynamic property App\Models\ProduitsModel::$forge is deprecated in APPPATH/Models/ProduitsModel.php on line 19.
 1 APPPATH/Controllers/ProduitsControleur.php(15): App\Models\ProduitsModel->__construct()
 2 SYSTEMPATH/CodeIgniter.php(933): App\Controllers\ProduitsControleur->index()
 3 SYSTEMPATH/CodeIgniter.php(509): CodeIgniter\CodeIgniter->runController(Object(App\Controllers\ProduitsControleur))
 4 SYSTEMPATH/CodeIgniter.php(355): CodeIgniter\CodeIgniter->handleRequest(null, Object(Config\Cache), false)
 5 SYSTEMPATH/Boot.php(325): CodeIgniter\CodeIgniter->run()
 6 SYSTEMPATH/Boot.php(67): CodeIgniter\Boot::runCodeIgniter(Object(CodeIgniter\CodeIgniter))
 7 FCPATH/index.php(56): CodeIgniter\Boot::bootWeb(Object(Config\Paths))
 8 SYSTEMPATH/rewrite.php(44): require_once('/di/codeigniter/lc222516/GestionProduits/public/index.php')
WARNING - 2024-10-17 13:23:08 --> [DEPRECATED] Creation of dynamic property App\Models\ProduitsModel::$forge is deprecated in APPPATH/Models/ProduitsModel.php on line 19.
 1 APPPATH/Controllers/ProduitsControleur.php(15): App\Models\ProduitsModel->__construct()
 2 SYSTEMPATH/CodeIgniter.php(933): App\Controllers\ProduitsControleur->index()
 3 SYSTEMPATH/CodeIgniter.php(509): CodeIgniter\CodeIgniter->runController(Object(App\Controllers\ProduitsControleur))
 4 SYSTEMPATH/CodeIgniter.php(355): CodeIgniter\CodeIgniter->handleRequest(null, Object(Config\Cache), false)
 5 SYSTEMPATH/Boot.php(325): CodeIgniter\CodeIgniter->run()
 6 SYSTEMPATH/Boot.php(67): CodeIgniter\Boot::runCodeIgniter(Object(CodeIgniter\CodeIgniter))
 7 FCPATH/index.php(56): CodeIgniter\Boot::bootWeb(Object(Config\Paths))
 8 SYSTEMPATH/rewrite.php(44): require_once('/di/codeigniter/lc222516/GestionProduits/public/index.php')
WARNING - 2024-10-17 13:24:47 --> [DEPRECATED] Creation of dynamic property App\Models\ProduitsModel::$forge is deprecated in APPPATH/Models/ProduitsModel.php on line 19.
 1 APPPATH/Controllers/ProduitsControleur.php(15): App\Models\ProduitsModel->__construct()
 2 SYSTEMPATH/CodeIgniter.php(933): App\Controllers\ProduitsControleur->index()
 3 SYSTEMPATH/CodeIgniter.php(509): CodeIgniter\CodeIgniter->runController(Object(App\Controllers\ProduitsControleur))
 4 SYSTEMPATH/CodeIgniter.php(355): CodeIgniter\CodeIgniter->handleRequest(null, Object(Config\Cache), false)
 5 SYSTEMPATH/Boot.php(325): CodeIgniter\CodeIgniter->run()
 6 SYSTEMPATH/Boot.php(67): CodeIgniter\Boot::runCodeIgniter(Object(CodeIgniter\CodeIgniter))
 7 FCPATH/index.php(56): CodeIgniter\Boot::bootWeb(Object(Config\Paths))
 8 SYSTEMPATH/rewrite.php(44): require_once('/di/codeigniter/lc222516/GestionProduits/public/index.php')
WARNING - 2024-10-17 13:26:08 --> [DEPRECATED] Creation of dynamic property App\Models\ProduitsModel::$forge is deprecated in APPPATH/Models/ProduitsModel.php on line 19.
 1 APPPATH/Controllers/ProduitsControleur.php(15): App\Models\ProduitsModel->__construct()
 2 SYSTEMPATH/CodeIgniter.php(933): App\Controllers\ProduitsControleur->index()
 3 SYSTEMPATH/CodeIgniter.php(509): CodeIgniter\CodeIgniter->runController(Object(App\Controllers\ProduitsControleur))
 4 SYSTEMPATH/CodeIgniter.php(355): CodeIgniter\CodeIgniter->handleRequest(null, Object(Config\Cache), false)
 5 SYSTEMPATH/Boot.php(325): CodeIgniter\CodeIgniter->run()
 6 SYSTEMPATH/Boot.php(67): CodeIgniter\Boot::runCodeIgniter(Object(CodeIgniter\CodeIgniter))
 7 FCPATH/index.php(56): CodeIgniter\Boot::bootWeb(Object(Config\Paths))
 8 SYSTEMPATH/rewrite.php(44): require_once('/di/codeigniter/lc222516/GestionProduits/public/index.php')
WARNING - 2024-10-17 13:26:11 --> [DEPRECATED] Creation of dynamic property App\Models\ProduitsModel::$forge is deprecated in APPPATH/Models/ProduitsModel.php on line 19.
 1 APPPATH/Controllers/ProduitsControleur.php(15): App\Models\ProduitsModel->__construct()
 2 SYSTEMPATH/CodeIgniter.php(933): App\Controllers\ProduitsControleur->index()
 3 SYSTEMPATH/CodeIgniter.php(509): CodeIgniter\CodeIgniter->runController(Object(App\Controllers\ProduitsControleur))
 4 SYSTEMPATH/CodeIgniter.php(355): CodeIgniter\CodeIgniter->handleRequest(null, Object(Config\Cache), false)
 5 SYSTEMPATH/Boot.php(325): CodeIgniter\CodeIgniter->run()
 6 SYSTEMPATH/Boot.php(67): CodeIgniter\Boot::runCodeIgniter(Object(CodeIgniter\CodeIgniter))
 7 FCPATH/index.php(56): CodeIgniter\Boot::bootWeb(Object(Config\Paths))
 8 SYSTEMPATH/rewrite.php(44): require_once('/di/codeigniter/lc222516/GestionProduits/public/index.php')
WARNING - 2024-10-17 13:26:41 --> [DEPRECATED] Creation of dynamic property App\Models\ProduitsModel::$forge is deprecated in APPPATH/Models/ProduitsModel.php on line 19.
 1 APPPATH/Controllers/ProduitsControleur.php(15): App\Models\ProduitsModel->__construct()
 2 SYSTEMPATH/CodeIgniter.php(933): App\Controllers\ProduitsControleur->index()
 3 SYSTEMPATH/CodeIgniter.php(509): CodeIgniter\CodeIgniter->runController(Object(App\Controllers\ProduitsControleur))
 4 SYSTEMPATH/CodeIgniter.php(355): CodeIgniter\CodeIgniter->handleRequest(null, Object(Config\Cache), false)
 5 SYSTEMPATH/Boot.php(325): CodeIgniter\CodeIgniter->run()
 6 SYSTEMPATH/Boot.php(67): CodeIgniter\Boot::runCodeIgniter(Object(CodeIgniter\CodeIgniter))
 7 FCPATH/index.php(56): CodeIgniter\Boot::bootWeb(Object(Config\Paths))
 8 SYSTEMPATH/rewrite.php(44): require_once('/di/codeigniter/lc222516/GestionProduits/public/index.php')
WARNING - 2024-10-17 13:26:51 --> [DEPRECATED] Creation of dynamic property App\Models\ProduitsModel::$forge is deprecated in APPPATH/Models/ProduitsModel.php on line 19.
 1 APPPATH/Controllers/ProduitsControleur.php(15): App\Models\ProduitsModel->__construct()
 2 SYSTEMPATH/CodeIgniter.php(933): App\Controllers\ProduitsControleur->index()
 3 SYSTEMPATH/CodeIgniter.php(509): CodeIgniter\CodeIgniter->runController(Object(App\Controllers\ProduitsControleur))
 4 SYSTEMPATH/CodeIgniter.php(355): CodeIgniter\CodeIgniter->handleRequest(null, Object(Config\Cache), false)
 5 SYSTEMPATH/Boot.php(325): CodeIgniter\CodeIgniter->run()
 6 SYSTEMPATH/Boot.php(67): CodeIgniter\Boot::runCodeIgniter(Object(CodeIgniter\CodeIgniter))
 7 FCPATH/index.php(56): CodeIgniter\Boot::bootWeb(Object(Config\Paths))
 8 SYSTEMPATH/rewrite.php(44): require_once('/di/codeigniter/lc222516/GestionProduits/public/index.php')
WARNING - 2024-10-17 13:42:01 --> [DEPRECATED] Creation of dynamic property App\Models\ProduitsModel::$forge is deprecated in APPPATH/Models/ProduitsModel.php on line 19.
 1 APPPATH/Controllers/ProduitsControleur.php(15): App\Models\ProduitsModel->__construct()
 2 SYSTEMPATH/CodeIgniter.php(933): App\Controllers\ProduitsControleur->index()
 3 SYSTEMPATH/CodeIgniter.php(509): CodeIgniter\CodeIgniter->runController(Object(App\Controllers\ProduitsControleur))
 4 SYSTEMPATH/CodeIgniter.php(355): CodeIgniter\CodeIgniter->handleRequest(null, Object(Config\Cache), false)
 5 SYSTEMPATH/Boot.php(325): CodeIgniter\CodeIgniter->run()
 6 SYSTEMPATH/Boot.php(67): CodeIgniter\Boot::runCodeIgniter(Object(CodeIgniter\CodeIgniter))
 7 FCPATH/index.php(56): CodeIgniter\Boot::bootWeb(Object(Config\Paths))
 8 SYSTEMPATH/rewrite.php(44): require_once('/di/codeigniter/lc222516/GestionProduits/public/index.php')
WARNING - 2024-10-17 13:42:10 --> [DEPRECATED] Creation of dynamic property App\Models\ProduitsModel::$forge is deprecated in APPPATH/Models/ProduitsModel.php on line 19.
 1 APPPATH/Controllers/ProduitsControleur.php(15): App\Models\ProduitsModel->__construct()
 2 SYSTEMPATH/CodeIgniter.php(933): App\Controllers\ProduitsControleur->index()
 3 SYSTEMPATH/CodeIgniter.php(509): CodeIgniter\CodeIgniter->runController(Object(App\Controllers\ProduitsControleur))
 4 SYSTEMPATH/CodeIgniter.php(355): CodeIgniter\CodeIgniter->handleRequest(null, Object(Config\Cache), false)
 5 SYSTEMPATH/Boot.php(325): CodeIgniter\CodeIgniter->run()
 6 SYSTEMPATH/Boot.php(67): CodeIgniter\Boot::runCodeIgniter(Object(CodeIgniter\CodeIgniter))
 7 FCPATH/index.php(56): CodeIgniter\Boot::bootWeb(Object(Config\Paths))
 8 SYSTEMPATH/rewrite.php(44): require_once('/di/codeigniter/lc222516/GestionProduits/public/index.php')
WARNING - 2024-10-17 13:45:01 --> [DEPRECATED] Creation of dynamic property App\Models\ProduitsModel::$forge is deprecated in APPPATH/Models/ProduitsModel.php on line 19.
 1 APPPATH/Controllers/ProduitsControleur.php(15): App\Models\ProduitsModel->__construct()
 2 SYSTEMPATH/CodeIgniter.php(933): App\Controllers\ProduitsControleur->index()
 3 SYSTEMPATH/CodeIgniter.php(509): CodeIgniter\CodeIgniter->runController(Object(App\Controllers\ProduitsControleur))
 4 SYSTEMPATH/CodeIgniter.php(355): CodeIgniter\CodeIgniter->handleRequest(null, Object(Config\Cache), false)
 5 SYSTEMPATH/Boot.php(325): CodeIgniter\CodeIgniter->run()
 6 SYSTEMPATH/Boot.php(67): CodeIgniter\Boot::runCodeIgniter(Object(CodeIgniter\CodeIgniter))
 7 FCPATH/index.php(56): CodeIgniter\Boot::bootWeb(Object(Config\Paths))
 8 SYSTEMPATH/rewrite.php(44): require_once('/di/codeigniter/lc222516/GestionProduits/public/index.php')
WARNING - 2024-10-17 13:45:20 --> [DEPRECATED] Creation of dynamic property App\Models\ProduitsModel::$forge is deprecated in APPPATH/Models/ProduitsModel.php on line 19.
 1 APPPATH/Controllers/ProduitsControleur.php(15): App\Models\ProduitsModel->__construct()
 2 SYSTEMPATH/CodeIgniter.php(933): App\Controllers\ProduitsControleur->index()
 3 SYSTEMPATH/CodeIgniter.php(509): CodeIgniter\CodeIgniter->runController(Object(App\Controllers\ProduitsControleur))
 4 SYSTEMPATH/CodeIgniter.php(355): CodeIgniter\CodeIgniter->handleRequest(null, Object(Config\Cache), false)
 5 SYSTEMPATH/Boot.php(325): CodeIgniter\CodeIgniter->run()
 6 SYSTEMPATH/Boot.php(67): CodeIgniter\Boot::runCodeIgniter(Object(CodeIgniter\CodeIgniter))
 7 FCPATH/index.php(56): CodeIgniter\Boot::bootWeb(Object(Config\Paths))
 8 SYSTEMPATH/rewrite.php(44): require_once('/di/codeigniter/lc222516/GestionProduits/public/index.php')
WARNING - 2024-10-17 13:45:44 --> [DEPRECATED] Creation of dynamic property App\Models\ProduitsModel::$forge is deprecated in APPPATH/Models/ProduitsModel.php on line 19.
 1 APPPATH/Controllers/ProduitsControleur.php(15): App\Models\ProduitsModel->__construct()
 2 SYSTEMPATH/CodeIgniter.php(933): App\Controllers\ProduitsControleur->index()
 3 SYSTEMPATH/CodeIgniter.php(509): CodeIgniter\CodeIgniter->runController(Object(App\Controllers\ProduitsControleur))
 4 SYSTEMPATH/CodeIgniter.php(355): CodeIgniter\CodeIgniter->handleRequest(null, Object(Config\Cache), false)
 5 SYSTEMPATH/Boot.php(325): CodeIgniter\CodeIgniter->run()
 6 SYSTEMPATH/Boot.php(67): CodeIgniter\Boot::runCodeIgniter(Object(CodeIgniter\CodeIgniter))
 7 FCPATH/index.php(56): CodeIgniter\Boot::bootWeb(Object(Config\Paths))
 8 SYSTEMPATH/rewrite.php(44): require_once('/di/codeigniter/lc222516/GestionProduits/public/index.php')
WARNING - 2024-10-17 13:45:56 --> [DEPRECATED] Creation of dynamic property App\Models\ProduitsModel::$forge is deprecated in APPPATH/Models/ProduitsModel.php on line 19.
 1 APPPATH/Controllers/ProduitsControleur.php(15): App\Models\ProduitsModel->__construct()
 2 SYSTEMPATH/CodeIgniter.php(933): App\Controllers\ProduitsControleur->index()
 3 SYSTEMPATH/CodeIgniter.php(509): CodeIgniter\CodeIgniter->runController(Object(App\Controllers\ProduitsControleur))
 4 SYSTEMPATH/CodeIgniter.php(355): CodeIgniter\CodeIgniter->handleRequest(null, Object(Config\Cache), false)
 5 SYSTEMPATH/Boot.php(325): CodeIgniter\CodeIgniter->run()
 6 SYSTEMPATH/Boot.php(67): CodeIgniter\Boot::runCodeIgniter(Object(CodeIgniter\CodeIgniter))
 7 FCPATH/index.php(56): CodeIgniter\Boot::bootWeb(Object(Config\Paths))
 8 SYSTEMPATH/rewrite.php(44): require_once('/di/codeigniter/lc222516/GestionProduits/public/index.php')
WARNING - 2024-10-17 13:46:59 --> [DEPRECATED] Creation of dynamic property App\Models\ProduitsModel::$forge is deprecated in APPPATH/Models/ProduitsModel.php on line 19.
 1 APPPATH/Controllers/ProduitsControleur.php(15): App\Models\ProduitsModel->__construct()
 2 SYSTEMPATH/CodeIgniter.php(933): App\Controllers\ProduitsControleur->index()
 3 SYSTEMPATH/CodeIgniter.php(509): CodeIgniter\CodeIgniter->runController(Object(App\Controllers\ProduitsControleur))
 4 SYSTEMPATH/CodeIgniter.php(355): CodeIgniter\CodeIgniter->handleRequest(null, Object(Config\Cache), false)
 5 SYSTEMPATH/Boot.php(325): CodeIgniter\CodeIgniter->run()
 6 SYSTEMPATH/Boot.php(67): CodeIgniter\Boot::runCodeIgniter(Object(CodeIgniter\CodeIgniter))
 7 FCPATH/index.php(56): CodeIgniter\Boot::bootWeb(Object(Config\Paths))
 8 SYSTEMPATH/rewrite.php(44): require_once('/di/codeigniter/lc222516/GestionProduits/public/index.php')
WARNING - 2024-10-17 13:47:00 --> [DEPRECATED] Creation of dynamic property App\Models\ProduitsModel::$forge is deprecated in APPPATH/Models/ProduitsModel.php on line 19.
 1 APPPATH/Controllers/ProduitsControleur.php(15): App\Models\ProduitsModel->__construct()
 2 SYSTEMPATH/CodeIgniter.php(933): App\Controllers\ProduitsControleur->index()
 3 SYSTEMPATH/CodeIgniter.php(509): CodeIgniter\CodeIgniter->runController(Object(App\Controllers\ProduitsControleur))
 4 SYSTEMPATH/CodeIgniter.php(355): CodeIgniter\CodeIgniter->handleRequest(null, Object(Config\Cache), false)
 5 SYSTEMPATH/Boot.php(325): CodeIgniter\CodeIgniter->run()
 6 SYSTEMPATH/Boot.php(67): CodeIgniter\Boot::runCodeIgniter(Object(CodeIgniter\CodeIgniter))
 7 FCPATH/index.php(56): CodeIgniter\Boot::bootWeb(Object(Config\Paths))
 8 SYSTEMPATH/rewrite.php(44): require_once('/di/codeigniter/lc222516/GestionProduits/public/index.php')
WARNING - 2024-10-17 13:47:00 --> [DEPRECATED] Creation of dynamic property App\Models\ProduitsModel::$forge is deprecated in APPPATH/Models/ProduitsModel.php on line 19.
 1 APPPATH/Controllers/ProduitsControleur.php(15): App\Models\ProduitsModel->__construct()
 2 SYSTEMPATH/CodeIgniter.php(933): App\Controllers\ProduitsControleur->index()
 3 SYSTEMPATH/CodeIgniter.php(509): CodeIgniter\CodeIgniter->runController(Object(App\Controllers\ProduitsControleur))
 4 SYSTEMPATH/CodeIgniter.php(355): CodeIgniter\CodeIgniter->handleRequest(null, Object(Config\Cache), false)
 5 SYSTEMPATH/Boot.php(325): CodeIgniter\CodeIgniter->run()
 6 SYSTEMPATH/Boot.php(67): CodeIgniter\Boot::runCodeIgniter(Object(CodeIgniter\CodeIgniter))
 7 FCPATH/index.php(56): CodeIgniter\Boot::bootWeb(Object(Config\Paths))
 8 SYSTEMPATH/rewrite.php(44): require_once('/di/codeigniter/lc222516/GestionProduits/public/index.php')
WARNING - 2024-10-17 13:47:22 --> [DEPRECATED] Creation of dynamic property App\Models\ProduitsModel::$forge is deprecated in APPPATH/Models/ProduitsModel.php on line 19.
 1 APPPATH/Controllers/ProduitsControleur.php(15): App\Models\ProduitsModel->__construct()
 2 SYSTEMPATH/CodeIgniter.php(933): App\Controllers\ProduitsControleur->index()
 3 SYSTEMPATH/CodeIgniter.php(509): CodeIgniter\CodeIgniter->runController(Object(App\Controllers\ProduitsControleur))
 4 SYSTEMPATH/CodeIgniter.php(355): CodeIgniter\CodeIgniter->handleRequest(null, Object(Config\Cache), false)
 5 SYSTEMPATH/Boot.php(325): CodeIgniter\CodeIgniter->run()
 6 SYSTEMPATH/Boot.php(67): CodeIgniter\Boot::runCodeIgniter(Object(CodeIgniter\CodeIgniter))
 7 FCPATH/index.php(56): CodeIgniter\Boot::bootWeb(Object(Config\Paths))
 8 SYSTEMPATH/rewrite.php(44): require_once('/di/codeigniter/lc222516/GestionProduits/public/index.php')
WARNING - 2024-10-17 13:47:22 --> [DEPRECATED] Creation of dynamic property App\Models\ProduitsModel::$forge is deprecated in APPPATH/Models/ProduitsModel.php on line 19.
 1 APPPATH/Controllers/ProduitsControleur.php(15): App\Models\ProduitsModel->__construct()
 2 SYSTEMPATH/CodeIgniter.php(933): App\Controllers\ProduitsControleur->index()
 3 SYSTEMPATH/CodeIgniter.php(509): CodeIgniter\CodeIgniter->runController(Object(App\Controllers\ProduitsControleur))
 4 SYSTEMPATH/CodeIgniter.php(355): CodeIgniter\CodeIgniter->handleRequest(null, Object(Config\Cache), false)
 5 SYSTEMPATH/Boot.php(325): CodeIgniter\CodeIgniter->run()
 6 SYSTEMPATH/Boot.php(67): CodeIgniter\Boot::runCodeIgniter(Object(CodeIgniter\CodeIgniter))
 7 FCPATH/index.php(56): CodeIgniter\Boot::bootWeb(Object(Config\Paths))
 8 SYSTEMPATH/rewrite.php(44): require_once('/di/codeigniter/lc222516/GestionProduits/public/index.php')
WARNING - 2024-10-17 13:47:29 --> [DEPRECATED] Creation of dynamic property App\Models\ProduitsModel::$forge is deprecated in APPPATH/Models/ProduitsModel.php on line 19.
 1 APPPATH/Controllers/ProduitsControleur.php(36): App\Models\ProduitsModel->__construct()
 2 SYSTEMPATH/CodeIgniter.php(933): App\Controllers\ProduitsControleur->nouveau()
 3 SYSTEMPATH/CodeIgniter.php(509): CodeIgniter\CodeIgniter->runController(Object(App\Controllers\ProduitsControleur))
 4 SYSTEMPATH/CodeIgniter.php(355): CodeIgniter\CodeIgniter->handleRequest(null, Object(Config\Cache), false)
 5 SYSTEMPATH/Boot.php(325): CodeIgniter\CodeIgniter->run()
 6 SYSTEMPATH/Boot.php(67): CodeIgniter\Boot::runCodeIgniter(Object(CodeIgniter\CodeIgniter))
 7 FCPATH/index.php(56): CodeIgniter\Boot::bootWeb(Object(Config\Paths))
 8 SYSTEMPATH/rewrite.php(44): require_once('/di/codeigniter/lc222516/GestionProduits/public/index.php')
ERROR - 2024-10-17 13:47:29 --> ErrorException: pg_query(): Query failed: ERREUR:  la dernière valeur (lastval) n'est pas encore définie dans cette session in /di/codeigniter/lc222516/GestionProduits/system/Database/Postgre/Connection.php:204
Stack trace:
#0 [internal function]: CodeIgniter\Debug\Exceptions->errorHandler()
#1 /di/codeigniter/lc222516/GestionProduits/system/Database/Postgre/Connection.php(204): pg_query()
#2 /di/codeigniter/lc222516/GestionProduits/system/Database/BaseConnection.php(734): CodeIgniter\Database\Postgre\Connection->execute()
#3 /di/codeigniter/lc222516/GestionProduits/system/Database/BaseConnection.php(648): CodeIgniter\Database\BaseConnection->simpleQuery()
#4 /di/codeigniter/lc222516/GestionProduits/system/Database/Postgre/Connection.php(499): CodeIgniter\Database\BaseConnection->query()
#5 /di/codeigniter/lc222516/GestionProduits/system/Model.php(399): CodeIgniter\Database\Postgre\Connection->insertID()
#6 /di/codeigniter/lc222516/GestionProduits/system/BaseModel.php(840): CodeIgniter\Model->doInsert()
#7 /di/codeigniter/lc222516/GestionProduits/system/Model.php(802): CodeIgniter\BaseModel->insert()
#8 /di/codeigniter/lc222516/GestionProduits/app/Models/ProduitsModel.php(60): CodeIgniter\Model->insert()
#9 /di/codeigniter/lc222516/GestionProduits/app/Controllers/ProduitsControleur.php(37): App\Models\ProduitsModel->ajout()
#10 /di/codeigniter/lc222516/GestionProduits/system/CodeIgniter.php(933): App\Controllers\ProduitsControleur->nouveau()
#11 /di/codeigniter/lc222516/GestionProduits/system/CodeIgniter.php(509): CodeIgniter\CodeIgniter->runController()
#12 /di/codeigniter/lc222516/GestionProduits/system/CodeIgniter.php(355): CodeIgniter\CodeIgniter->handleRequest()
#13 /di/codeigniter/lc222516/GestionProduits/system/Boot.php(325): CodeIgniter\CodeIgniter->run()
#14 /di/codeigniter/lc222516/GestionProduits/system/Boot.php(67): CodeIgniter\Boot::runCodeIgniter()
#15 /di/codeigniter/lc222516/GestionProduits/public/index.php(56): CodeIgniter\Boot::bootWeb()
#16 /di/codeigniter/lc222516/GestionProduits/system/rewrite.php(44): require_once('...')
#17 {main}
CRITICAL - 2024-10-17 13:47:29 --> CodeIgniter\Database\Exceptions\DatabaseException: pg_query(): Query failed: ERREUR:  la dernière valeur (lastval) n'est pas encore définie dans cette session
[Method: POST, Route: produits/nouveau]
in SYSTEMPATH/Database/BaseConnection.php on line 688.
 1 SYSTEMPATH/Database/Postgre/Connection.php(499): CodeIgniter\Database\BaseConnection->query()
 2 SYSTEMPATH/Model.php(399): CodeIgniter\Database\Postgre\Connection->insertID()
 3 SYSTEMPATH/BaseModel.php(840): CodeIgniter\Model->doInsert()
 4 SYSTEMPATH/Model.php(802): CodeIgniter\BaseModel->insert()
 5 APPPATH/Models/ProduitsModel.php(60): CodeIgniter\Model->insert()
 6 APPPATH/Controllers/ProduitsControleur.php(37): App\Models\ProduitsModel->ajout()
 7 SYSTEMPATH/CodeIgniter.php(933): App\Controllers\ProduitsControleur->nouveau()
 8 SYSTEMPATH/CodeIgniter.php(509): CodeIgniter\CodeIgniter->runController()
 9 SYSTEMPATH/CodeIgniter.php(355): CodeIgniter\CodeIgniter->handleRequest()
10 SYSTEMPATH/Boot.php(325): CodeIgniter\CodeIgniter->run()
11 SYSTEMPATH/Boot.php(67): CodeIgniter\Boot::runCodeIgniter()
12 FCPATH/index.php(56): CodeIgniter\Boot::bootWeb()
13 SYSTEMPATH/rewrite.php(44): require_once('/di/codeigniter/lc222516/GestionProduits/public/index.php')
CRITICAL - 2024-10-17 13:47:29 --> [Caused by] CodeIgniter\Database\Exceptions\DatabaseException: pg_query(): Query failed: ERREUR:  la dernière valeur (lastval) n'est pas encore définie dans cette session
in SYSTEMPATH/Database/Postgre/Connection.php on line 209.
 1 SYSTEMPATH/Database/BaseConnection.php(734): CodeIgniter\Database\Postgre\Connection->execute()
 2 SYSTEMPATH/Database/BaseConnection.php(648): CodeIgniter\Database\BaseConnection->simpleQuery()
 3 SYSTEMPATH/Database/Postgre/Connection.php(499): CodeIgniter\Database\BaseConnection->query()
 4 SYSTEMPATH/Model.php(399): CodeIgniter\Database\Postgre\Connection->insertID()
 5 SYSTEMPATH/BaseModel.php(840): CodeIgniter\Model->doInsert()
 6 SYSTEMPATH/Model.php(802): CodeIgniter\BaseModel->insert()
 7 APPPATH/Models/ProduitsModel.php(60): CodeIgniter\Model->insert()
 8 APPPATH/Controllers/ProduitsControleur.php(37): App\Models\ProduitsModel->ajout()
 9 SYSTEMPATH/CodeIgniter.php(933): App\Controllers\ProduitsControleur->nouveau()
10 SYSTEMPATH/CodeIgniter.php(509): CodeIgniter\CodeIgniter->runController()
11 SYSTEMPATH/CodeIgniter.php(355): CodeIgniter\CodeIgniter->handleRequest()
12 SYSTEMPATH/Boot.php(325): CodeIgniter\CodeIgniter->run()
13 SYSTEMPATH/Boot.php(67): CodeIgniter\Boot::runCodeIgniter()
14 FCPATH/index.php(56): CodeIgniter\Boot::bootWeb()
15 SYSTEMPATH/rewrite.php(44): require_once('/di/codeigniter/lc222516/GestionProduits/public/index.php')
CRITICAL - 2024-10-17 13:47:29 --> [Caused by] ErrorException: pg_query(): Query failed: ERREUR:  la dernière valeur (lastval) n'est pas encore définie dans cette session
in SYSTEMPATH/Database/Postgre/Connection.php on line 204.
 1 [internal function]: CodeIgniter\Debug\Exceptions->errorHandler()
 2 SYSTEMPATH/Database/Postgre/Connection.php(204): pg_query()
 3 SYSTEMPATH/Database/BaseConnection.php(734): CodeIgniter\Database\Postgre\Connection->execute()
 4 SYSTEMPATH/Database/BaseConnection.php(648): CodeIgniter\Database\BaseConnection->simpleQuery()
 5 SYSTEMPATH/Database/Postgre/Connection.php(499): CodeIgniter\Database\BaseConnection->query()
 6 SYSTEMPATH/Model.php(399): CodeIgniter\Database\Postgre\Connection->insertID()
 7 SYSTEMPATH/BaseModel.php(840): CodeIgniter\Model->doInsert()
 8 SYSTEMPATH/Model.php(802): CodeIgniter\BaseModel->insert()
 9 APPPATH/Models/ProduitsModel.php(60): CodeIgniter\Model->insert()
10 APPPATH/Controllers/ProduitsControleur.php(37): App\Models\ProduitsModel->ajout()
11 SYSTEMPATH/CodeIgniter.php(933): App\Controllers\ProduitsControleur->nouveau()
12 SYSTEMPATH/CodeIgniter.php(509): CodeIgniter\CodeIgniter->runController()
13 SYSTEMPATH/CodeIgniter.php(355): CodeIgniter\CodeIgniter->handleRequest()
14 SYSTEMPATH/Boot.php(325): CodeIgniter\CodeIgniter->run()
15 SYSTEMPATH/Boot.php(67): CodeIgniter\Boot::runCodeIgniter()
16 FCPATH/index.php(56): CodeIgniter\Boot::bootWeb()
17 SYSTEMPATH/rewrite.php(44): require_once('/di/codeigniter/lc222516/GestionProduits/public/index.php')
WARNING - 2024-10-17 13:48:19 --> [DEPRECATED] Creation of dynamic property App\Models\ProduitsModel::$forge is deprecated in APPPATH/Models/ProduitsModel.php on line 19.
 1 APPPATH/Controllers/ProduitsControleur.php(15): App\Models\ProduitsModel->__construct()
 2 SYSTEMPATH/CodeIgniter.php(933): App\Controllers\ProduitsControleur->index()
 3 SYSTEMPATH/CodeIgniter.php(509): CodeIgniter\CodeIgniter->runController(Object(App\Controllers\ProduitsControleur))
 4 SYSTEMPATH/CodeIgniter.php(355): CodeIgniter\CodeIgniter->handleRequest(null, Object(Config\Cache), false)
 5 SYSTEMPATH/Boot.php(325): CodeIgniter\CodeIgniter->run()
 6 SYSTEMPATH/Boot.php(67): CodeIgniter\Boot::runCodeIgniter(Object(CodeIgniter\CodeIgniter))
 7 FCPATH/index.php(56): CodeIgniter\Boot::bootWeb(Object(Config\Paths))
 8 SYSTEMPATH/rewrite.php(44): require_once('/di/codeigniter/lc222516/GestionProduits/public/index.php')
WARNING - 2024-10-17 13:48:24 --> [DEPRECATED] Creation of dynamic property App\Models\ProduitsModel::$forge is deprecated in APPPATH/Models/ProduitsModel.php on line 19.
 1 APPPATH/Controllers/ProduitsControleur.php(15): App\Models\ProduitsModel->__construct()
 2 SYSTEMPATH/CodeIgniter.php(933): App\Controllers\ProduitsControleur->index()
 3 SYSTEMPATH/CodeIgniter.php(509): CodeIgniter\CodeIgniter->runController(Object(App\Controllers\ProduitsControleur))
 4 SYSTEMPATH/CodeIgniter.php(355): CodeIgniter\CodeIgniter->handleRequest(null, Object(Config\Cache), false)
 5 SYSTEMPATH/Boot.php(325): CodeIgniter\CodeIgniter->run()
 6 SYSTEMPATH/Boot.php(67): CodeIgniter\Boot::runCodeIgniter(Object(CodeIgniter\CodeIgniter))
 7 FCPATH/index.php(56): CodeIgniter\Boot::bootWeb(Object(Config\Paths))
 8 SYSTEMPATH/rewrite.php(44): require_once('/di/codeigniter/lc222516/GestionProduits/public/index.php')
WARNING - 2024-10-17 13:49:10 --> [DEPRECATED] Creation of dynamic property App\Models\ProduitsModel::$forge is deprecated in APPPATH/Models/ProduitsModel.php on line 19.
 1 APPPATH/Controllers/ProduitsControleur.php(15): App\Models\ProduitsModel->__construct()
 2 SYSTEMPATH/CodeIgniter.php(933): App\Controllers\ProduitsControleur->index()
 3 SYSTEMPATH/CodeIgniter.php(509): CodeIgniter\CodeIgniter->runController(Object(App\Controllers\ProduitsControleur))
 4 SYSTEMPATH/CodeIgniter.php(355): CodeIgniter\CodeIgniter->handleRequest(null, Object(Config\Cache), false)
 5 SYSTEMPATH/Boot.php(325): CodeIgniter\CodeIgniter->run()
 6 SYSTEMPATH/Boot.php(67): CodeIgniter\Boot::runCodeIgniter(Object(CodeIgniter\CodeIgniter))
 7 FCPATH/index.php(56): CodeIgniter\Boot::bootWeb(Object(Config\Paths))
 8 SYSTEMPATH/rewrite.php(44): require_once('/di/codeigniter/lc222516/GestionProduits/public/index.php')
WARNING - 2024-10-17 13:49:12 --> [DEPRECATED] Creation of dynamic property App\Models\ProduitsModel::$forge is deprecated in APPPATH/Models/ProduitsModel.php on line 19.
 1 APPPATH/Controllers/ProduitsControleur.php(15): App\Models\ProduitsModel->__construct()
 2 SYSTEMPATH/CodeIgniter.php(933): App\Controllers\ProduitsControleur->index()
 3 SYSTEMPATH/CodeIgniter.php(509): CodeIgniter\CodeIgniter->runController(Object(App\Controllers\ProduitsControleur))
 4 SYSTEMPATH/CodeIgniter.php(355): CodeIgniter\CodeIgniter->handleRequest(null, Object(Config\Cache), false)
 5 SYSTEMPATH/Boot.php(325): CodeIgniter\CodeIgniter->run()
 6 SYSTEMPATH/Boot.php(67): CodeIgniter\Boot::runCodeIgniter(Object(CodeIgniter\CodeIgniter))
 7 FCPATH/index.php(56): CodeIgniter\Boot::bootWeb(Object(Config\Paths))
 8 SYSTEMPATH/rewrite.php(44): require_once('/di/codeigniter/lc222516/GestionProduits/public/index.php')
WARNING - 2024-10-17 13:49:13 --> [DEPRECATED] Creation of dynamic property App\Models\ProduitsModel::$forge is deprecated in APPPATH/Models/ProduitsModel.php on line 19.
 1 APPPATH/Controllers/ProduitsControleur.php(118): App\Models\ProduitsModel->__construct()
 2 SYSTEMPATH/CodeIgniter.php(933): App\Controllers\ProduitsControleur->edition('jupe')
 3 SYSTEMPATH/CodeIgniter.php(509): CodeIgniter\CodeIgniter->runController(Object(App\Controllers\ProduitsControleur))
 4 SYSTEMPATH/CodeIgniter.php(355): CodeIgniter\CodeIgniter->handleRequest(null, Object(Config\Cache), false)
 5 SYSTEMPATH/Boot.php(325): CodeIgniter\CodeIgniter->run()
 6 SYSTEMPATH/Boot.php(67): CodeIgniter\Boot::runCodeIgniter(Object(CodeIgniter\CodeIgniter))
 7 FCPATH/index.php(56): CodeIgniter\Boot::bootWeb(Object(Config\Paths))
 8 SYSTEMPATH/rewrite.php(44): require_once('/di/codeigniter/lc222516/GestionProduits/public/index.php')
WARNING - 2024-10-17 13:49:19 --> [DEPRECATED] Creation of dynamic property App\Models\ProduitsModel::$forge is deprecated in APPPATH/Models/ProduitsModel.php on line 19.
 1 APPPATH/Controllers/ProduitsControleur.php(118): App\Models\ProduitsModel->__construct()
 2 SYSTEMPATH/CodeIgniter.php(933): App\Controllers\ProduitsControleur->edition('jupe')
 3 SYSTEMPATH/CodeIgniter.php(509): CodeIgniter\CodeIgniter->runController(Object(App\Controllers\ProduitsControleur))
 4 SYSTEMPATH/CodeIgniter.php(355): CodeIgniter\CodeIgniter->handleRequest(null, Object(Config\Cache), false)
 5 SYSTEMPATH/Boot.php(325): CodeIgniter\CodeIgniter->run()
 6 SYSTEMPATH/Boot.php(67): CodeIgniter\Boot::runCodeIgniter(Object(CodeIgniter\CodeIgniter))
 7 FCPATH/index.php(56): CodeIgniter\Boot::bootWeb(Object(Config\Paths))
 8 SYSTEMPATH/rewrite.php(44): require_once('/di/codeigniter/lc222516/GestionProduits/public/index.php')
WARNING - 2024-10-17 13:49:19 --> [DEPRECATED] Creation of dynamic property App\Models\ProduitsModel::$forge is deprecated in APPPATH/Models/ProduitsModel.php on line 19.
 1 APPPATH/Controllers/ProduitsControleur.php(15): App\Models\ProduitsModel->__construct()
 2 SYSTEMPATH/CodeIgniter.php(933): App\Controllers\ProduitsControleur->index()
 3 SYSTEMPATH/CodeIgniter.php(509): CodeIgniter\CodeIgniter->runController(Object(App\Controllers\ProduitsControleur))
 4 SYSTEMPATH/CodeIgniter.php(355): CodeIgniter\CodeIgniter->handleRequest(null, Object(Config\Cache), false)
 5 SYSTEMPATH/Boot.php(325): CodeIgniter\CodeIgniter->run()
 6 SYSTEMPATH/Boot.php(67): CodeIgniter\Boot::runCodeIgniter(Object(CodeIgniter\CodeIgniter))
 7 FCPATH/index.php(56): CodeIgniter\Boot::bootWeb(Object(Config\Paths))
 8 SYSTEMPATH/rewrite.php(44): require_once('/di/codeigniter/lc222516/GestionProduits/public/index.php')
WARNING - 2024-10-17 13:49:38 --> [DEPRECATED] Creation of dynamic property App\Models\ProduitsModel::$forge is deprecated in APPPATH/Models/ProduitsModel.php on line 19.
 1 APPPATH/Controllers/ProduitsControleur.php(36): App\Models\ProduitsModel->__construct()
 2 SYSTEMPATH/CodeIgniter.php(933): App\Controllers\ProduitsControleur->nouveau()
 3 SYSTEMPATH/CodeIgniter.php(509): CodeIgniter\CodeIgniter->runController(Object(App\Controllers\ProduitsControleur))
 4 SYSTEMPATH/CodeIgniter.php(355): CodeIgniter\CodeIgniter->handleRequest(null, Object(Config\Cache), false)
 5 SYSTEMPATH/Boot.php(325): CodeIgniter\CodeIgniter->run()
 6 SYSTEMPATH/Boot.php(67): CodeIgniter\Boot::runCodeIgniter(Object(CodeIgniter\CodeIgniter))
 7 FCPATH/index.php(56): CodeIgniter\Boot::bootWeb(Object(Config\Paths))
 8 SYSTEMPATH/rewrite.php(44): require_once('/di/codeigniter/lc222516/GestionProduits/public/index.php')
ERROR - 2024-10-17 13:49:38 --> ErrorException: pg_query(): Query failed: ERREUR:  la dernière valeur (lastval) n'est pas encore définie dans cette session in /di/codeigniter/lc222516/GestionProduits/system/Database/Postgre/Connection.php:204
Stack trace:
#0 [internal function]: CodeIgniter\Debug\Exceptions->errorHandler()
#1 /di/codeigniter/lc222516/GestionProduits/system/Database/Postgre/Connection.php(204): pg_query()
#2 /di/codeigniter/lc222516/GestionProduits/system/Database/BaseConnection.php(734): CodeIgniter\Database\Postgre\Connection->execute()
#3 /di/codeigniter/lc222516/GestionProduits/system/Database/BaseConnection.php(648): CodeIgniter\Database\BaseConnection->simpleQuery()
#4 /di/codeigniter/lc222516/GestionProduits/system/Database/Postgre/Connection.php(499): CodeIgniter\Database\BaseConnection->query()
#5 /di/codeigniter/lc222516/GestionProduits/system/Model.php(399): CodeIgniter\Database\Postgre\Connection->insertID()
#6 /di/codeigniter/lc222516/GestionProduits/system/BaseModel.php(840): CodeIgniter\Model->doInsert()
#7 /di/codeigniter/lc222516/GestionProduits/system/Model.php(802): CodeIgniter\BaseModel->insert()
#8 /di/codeigniter/lc222516/GestionProduits/app/Models/ProduitsModel.php(60): CodeIgniter\Model->insert()
#9 /di/codeigniter/lc222516/GestionProduits/app/Controllers/ProduitsControleur.php(37): App\Models\ProduitsModel->ajout()
#10 /di/codeigniter/lc222516/GestionProduits/system/CodeIgniter.php(933): App\Controllers\ProduitsControleur->nouveau()
#11 /di/codeigniter/lc222516/GestionProduits/system/CodeIgniter.php(509): CodeIgniter\CodeIgniter->runController()
#12 /di/codeigniter/lc222516/GestionProduits/system/CodeIgniter.php(355): CodeIgniter\CodeIgniter->handleRequest()
#13 /di/codeigniter/lc222516/GestionProduits/system/Boot.php(325): CodeIgniter\CodeIgniter->run()
#14 /di/codeigniter/lc222516/GestionProduits/system/Boot.php(67): CodeIgniter\Boot::runCodeIgniter()
#15 /di/codeigniter/lc222516/GestionProduits/public/index.php(56): CodeIgniter\Boot::bootWeb()
#16 /di/codeigniter/lc222516/GestionProduits/system/rewrite.php(44): require_once('...')
#17 {main}
CRITICAL - 2024-10-17 13:49:38 --> CodeIgniter\Database\Exceptions\DatabaseException: pg_query(): Query failed: ERREUR:  la dernière valeur (lastval) n'est pas encore définie dans cette session
[Method: POST, Route: produits/nouveau]
in SYSTEMPATH/Database/BaseConnection.php on line 688.
 1 SYSTEMPATH/Database/Postgre/Connection.php(499): CodeIgniter\Database\BaseConnection->query()
 2 SYSTEMPATH/Model.php(399): CodeIgniter\Database\Postgre\Connection->insertID()
 3 SYSTEMPATH/BaseModel.php(840): CodeIgniter\Model->doInsert()
 4 SYSTEMPATH/Model.php(802): CodeIgniter\BaseModel->insert()
 5 APPPATH/Models/ProduitsModel.php(60): CodeIgniter\Model->insert()
 6 APPPATH/Controllers/ProduitsControleur.php(37): App\Models\ProduitsModel->ajout()
 7 SYSTEMPATH/CodeIgniter.php(933): App\Controllers\ProduitsControleur->nouveau()
 8 SYSTEMPATH/CodeIgniter.php(509): CodeIgniter\CodeIgniter->runController()
 9 SYSTEMPATH/CodeIgniter.php(355): CodeIgniter\CodeIgniter->handleRequest()
10 SYSTEMPATH/Boot.php(325): CodeIgniter\CodeIgniter->run()
11 SYSTEMPATH/Boot.php(67): CodeIgniter\Boot::runCodeIgniter()
12 FCPATH/index.php(56): CodeIgniter\Boot::bootWeb()
13 SYSTEMPATH/rewrite.php(44): require_once('/di/codeigniter/lc222516/GestionProduits/public/index.php')
CRITICAL - 2024-10-17 13:49:38 --> [Caused by] CodeIgniter\Database\Exceptions\DatabaseException: pg_query(): Query failed: ERREUR:  la dernière valeur (lastval) n'est pas encore définie dans cette session
in SYSTEMPATH/Database/Postgre/Connection.php on line 209.
 1 SYSTEMPATH/Database/BaseConnection.php(734): CodeIgniter\Database\Postgre\Connection->execute()
 2 SYSTEMPATH/Database/BaseConnection.php(648): CodeIgniter\Database\BaseConnection->simpleQuery()
 3 SYSTEMPATH/Database/Postgre/Connection.php(499): CodeIgniter\Database\BaseConnection->query()
 4 SYSTEMPATH/Model.php(399): CodeIgniter\Database\Postgre\Connection->insertID()
 5 SYSTEMPATH/BaseModel.php(840): CodeIgniter\Model->doInsert()
 6 SYSTEMPATH/Model.php(802): CodeIgniter\BaseModel->insert()
 7 APPPATH/Models/ProduitsModel.php(60): CodeIgniter\Model->insert()
 8 APPPATH/Controllers/ProduitsControleur.php(37): App\Models\ProduitsModel->ajout()
 9 SYSTEMPATH/CodeIgniter.php(933): App\Controllers\ProduitsControleur->nouveau()
10 SYSTEMPATH/CodeIgniter.php(509): CodeIgniter\CodeIgniter->runController()
11 SYSTEMPATH/CodeIgniter.php(355): CodeIgniter\CodeIgniter->handleRequest()
12 SYSTEMPATH/Boot.php(325): CodeIgniter\CodeIgniter->run()
13 SYSTEMPATH/Boot.php(67): CodeIgniter\Boot::runCodeIgniter()
14 FCPATH/index.php(56): CodeIgniter\Boot::bootWeb()
15 SYSTEMPATH/rewrite.php(44): require_once('/di/codeigniter/lc222516/GestionProduits/public/index.php')
CRITICAL - 2024-10-17 13:49:38 --> [Caused by] ErrorException: pg_query(): Query failed: ERREUR:  la dernière valeur (lastval) n'est pas encore définie dans cette session
in SYSTEMPATH/Database/Postgre/Connection.php on line 204.
 1 [internal function]: CodeIgniter\Debug\Exceptions->errorHandler()
 2 SYSTEMPATH/Database/Postgre/Connection.php(204): pg_query()
 3 SYSTEMPATH/Database/BaseConnection.php(734): CodeIgniter\Database\Postgre\Connection->execute()
 4 SYSTEMPATH/Database/BaseConnection.php(648): CodeIgniter\Database\BaseConnection->simpleQuery()
 5 SYSTEMPATH/Database/Postgre/Connection.php(499): CodeIgniter\Database\BaseConnection->query()
 6 SYSTEMPATH/Model.php(399): CodeIgniter\Database\Postgre\Connection->insertID()
 7 SYSTEMPATH/BaseModel.php(840): CodeIgniter\Model->doInsert()
 8 SYSTEMPATH/Model.php(802): CodeIgniter\BaseModel->insert()
 9 APPPATH/Models/ProduitsModel.php(60): CodeIgniter\Model->insert()
10 APPPATH/Controllers/ProduitsControleur.php(37): App\Models\ProduitsModel->ajout()
11 SYSTEMPATH/CodeIgniter.php(933): App\Controllers\ProduitsControleur->nouveau()
12 SYSTEMPATH/CodeIgniter.php(509): CodeIgniter\CodeIgniter->runController()
13 SYSTEMPATH/CodeIgniter.php(355): CodeIgniter\CodeIgniter->handleRequest()
14 SYSTEMPATH/Boot.php(325): CodeIgniter\CodeIgniter->run()
15 SYSTEMPATH/Boot.php(67): CodeIgniter\Boot::runCodeIgniter()
16 FCPATH/index.php(56): CodeIgniter\Boot::bootWeb()
17 SYSTEMPATH/rewrite.php(44): require_once('/di/codeigniter/lc222516/GestionProduits/public/index.php')
WARNING - 2024-10-17 13:49:43 --> [DEPRECATED] Creation of dynamic property App\Models\ProduitsModel::$forge is deprecated in APPPATH/Models/ProduitsModel.php on line 19.
 1 APPPATH/Controllers/ProduitsControleur.php(15): App\Models\ProduitsModel->__construct()
 2 SYSTEMPATH/CodeIgniter.php(933): App\Controllers\ProduitsControleur->index()
 3 SYSTEMPATH/CodeIgniter.php(509): CodeIgniter\CodeIgniter->runController(Object(App\Controllers\ProduitsControleur))
 4 SYSTEMPATH/CodeIgniter.php(355): CodeIgniter\CodeIgniter->handleRequest(null, Object(Config\Cache), false)
 5 SYSTEMPATH/Boot.php(325): CodeIgniter\CodeIgniter->run()
 6 SYSTEMPATH/Boot.php(67): CodeIgniter\Boot::runCodeIgniter(Object(CodeIgniter\CodeIgniter))
 7 FCPATH/index.php(56): CodeIgniter\Boot::bootWeb(Object(Config\Paths))
 8 SYSTEMPATH/rewrite.php(44): require_once('/di/codeigniter/lc222516/GestionProduits/public/index.php')
